info: Server started at http://localhost:3000/api/v1/ {"timestamp":"2022-08-10T18:30:42.942Z"}
info: Connected to the database. {"timestamp":"2022-08-10T18:30:45.568Z"}
info: Server started at http://localhost:3000/api/v1/ {"timestamp":"2022-08-10T18:30:54.859Z"}
info: Connected to the database. {"timestamp":"2022-08-10T18:30:57.507Z"}
info: Server started at http://localhost:3000/api/v1/ {"timestamp":"2022-08-10T18:32:38.365Z"}
info: Server started at http://localhost:3000/api/v1/ {"timestamp":"2022-08-10T18:32:44.281Z"}
info: Connected to the database. {"timestamp":"2022-08-10T18:32:46.805Z"}
info: Server started at http://localhost:3000/api/v1/ {"timestamp":"2022-08-10T18:33:09.411Z"}
info: Connected to the database. {"timestamp":"2022-08-10T18:33:12.973Z"}
info: Server started at http://localhost:3000/api/v1/ {"timestamp":"2022-08-10T18:33:25.623Z"}
info: Connected to the database. {"timestamp":"2022-08-10T18:33:28.137Z"}
info: Server started at http://localhost:3000/api/v1/ {"timestamp":"2022-08-10T18:33:58.618Z"}
info: Connected to the database. {"timestamp":"2022-08-10T18:34:01.261Z"}
info: Server started at http://localhost:3000/api/v1/ {"timestamp":"2022-08-10T18:34:40.586Z"}
info: Server started at http://localhost:3000/api/v1/ {"timestamp":"2022-08-10T18:34:47.765Z"}
info: Connected to the database. {"timestamp":"2022-08-10T18:34:50.289Z"}
info: Server started at http://localhost:3000/api/v1/ {"timestamp":"2022-08-10T18:35:27.297Z"}
info: Connected to the database. {"timestamp":"2022-08-10T18:35:29.752Z"}
info: Server started at http://localhost:3000/api/v1/ {"timestamp":"2022-08-10T18:35:38.042Z"}
info: Connected to the database. {"timestamp":"2022-08-10T18:35:40.553Z"}
info: Server started at http://localhost:3000/api/v1/ {"timestamp":"2022-08-10T18:36:15.800Z"}
info: Connected to the database. {"timestamp":"2022-08-10T18:36:18.432Z"}
info: Server started at http://localhost:3000/api/v1/ {"timestamp":"2022-08-10T18:37:24.533Z"}
info: Connected to the database. {"timestamp":"2022-08-10T18:37:27.099Z"}
info: Server started at http://localhost:3000/api/v1/ {"timestamp":"2022-08-10T18:37:50.727Z"}
info: Connected to the database. {"timestamp":"2022-08-10T18:37:53.203Z"}
info: Server started at http://localhost:3000/api/v1/ {"timestamp":"2022-08-10T18:38:15.614Z"}
info: Server started at http://localhost:3000/api/v1/ {"timestamp":"2022-08-10T18:38:21.799Z"}
info: Server started at http://localhost:3000/api/v1/ {"timestamp":"2022-08-10T18:38:56.330Z"}
info: Connected to the database. {"timestamp":"2022-08-10T18:38:58.918Z"}
info: Server started at http://localhost:3000/api/v1/ {"timestamp":"2022-08-10T18:39:54.076Z"}
info: Server started at http://localhost:3000/api/v1/ {"timestamp":"2022-08-10T18:40:01.040Z"}
info: Connected to the database. {"timestamp":"2022-08-10T18:40:03.580Z"}
info: Server started at http://localhost:3000/api/v1/ {"timestamp":"2022-08-10T18:40:34.555Z"}
info: Server started at http://localhost:3000/api/v1/ {"timestamp":"2022-08-10T18:40:40.757Z"}
info: Server started at http://localhost:3000/api/v1/ {"timestamp":"2022-08-10T18:40:48.900Z"}
info: Connected to the database. {"timestamp":"2022-08-10T18:40:51.339Z"}
info: Server started at http://localhost:3000/api/v1/ {"timestamp":"2022-08-10T18:41:01.137Z"}
info: Connected to the database. {"timestamp":"2022-08-10T18:41:03.785Z"}
info: Server started at http://localhost:3000/api/v1/ {"timestamp":"2022-08-10T18:42:08.982Z"}
info: Connected to the database. {"timestamp":"2022-08-10T18:42:11.617Z"}
info: Server started at http://localhost:3000/api/v1/ {"timestamp":"2022-08-10T18:42:19.079Z"}
info: Connected to the database. {"timestamp":"2022-08-10T18:42:21.635Z"}
info: Server started at http://localhost:3000/api/v1/ {"timestamp":"2022-08-10T18:42:29.269Z"}
info: Connected to the database. {"timestamp":"2022-08-10T18:42:31.711Z"}
info: Server started at http://localhost:3000/api/v1/ {"timestamp":"2022-08-10T18:42:45.595Z"}
info: Connected to the database. {"timestamp":"2022-08-10T18:42:48.089Z"}
info: Server started at http://localhost:3000/api/v1/ {"timestamp":"2022-08-10T18:42:54.876Z"}
info: Connected to the database. {"timestamp":"2022-08-10T18:42:57.382Z"}
info: Server started at http://localhost:3000/api/v1/ {"timestamp":"2022-08-10T18:43:21.440Z"}
info: Connected to the database. {"timestamp":"2022-08-10T18:43:24.061Z"}
info: Server started at http://localhost:3000/api/v1/ {"timestamp":"2022-08-10T18:43:44.090Z"}
info: Connected to the database. {"timestamp":"2022-08-10T18:43:46.582Z"}
info: Server started at http://localhost:3000/api/v1/ {"timestamp":"2022-08-10T18:44:00.174Z"}
info: Server started at http://localhost:3000/api/v1/ {"timestamp":"2022-08-10T18:44:06.875Z"}
info: Connected to the database. {"timestamp":"2022-08-10T18:44:09.395Z"}
info: Server started at http://localhost:3000/api/v1/ {"timestamp":"2022-08-10T18:44:19.682Z"}
info: Server started at http://localhost:3000/api/v1/ {"timestamp":"2022-08-10T18:44:33.677Z"}
info: Server started at http://localhost:3000/api/v1/ {"timestamp":"2022-08-10T18:44:40.576Z"}
info: Connected to the database. {"timestamp":"2022-08-10T18:44:43.085Z"}
info: Server started at http://localhost:3000/api/v1/ {"timestamp":"2022-08-10T18:46:39.635Z"}
info: Connected to the database. {"timestamp":"2022-08-10T18:46:42.287Z"}
info: Server started at http://localhost:3000/api/v1/ {"timestamp":"2022-08-10T18:48:32.350Z"}
info: Connected to the database. {"timestamp":"2022-08-10T18:48:34.899Z"}
info: Server started at http://localhost:3000/api/v1/ {"timestamp":"2022-08-10T18:48:43.329Z"}
info: Connected to the database. {"timestamp":"2022-08-10T18:48:45.876Z"}
info: Server started at http://localhost:3000/api/v1/ {"timestamp":"2022-08-10T18:49:04.301Z"}
info: Server started at http://localhost:3000/api/v1/ {"timestamp":"2022-08-10T18:49:10.984Z"}
info: Connected to the database. {"timestamp":"2022-08-10T18:49:13.561Z"}
info: Server started at http://localhost:3000/api/v1/ {"timestamp":"2022-08-10T18:49:26.391Z"}
info: Connected to the database. {"timestamp":"2022-08-10T18:49:28.851Z"}
info: Server started at http://localhost:3000/api/v1/ {"timestamp":"2022-08-10T18:49:41.330Z"}
info: Connected to the database. {"timestamp":"2022-08-10T18:49:43.985Z"}
error: 
    status - 500 
    message - ValidationError: "PhoneNumber" must be less than or equal to 10 
    url - /api/v1/customer/ 
    method - POST 
    IP - ::1
   {"timestamp":"2022-08-10T19:00:30.560Z"}
error: 
    status - 500 
    message - ValidationError: "PhoneNumber" must be less than or equal to 10 
    url - /api/v1/customer/ 
    method - POST 
    IP - ::1
   {"timestamp":"2022-08-10T19:01:15.207Z"}
error: 
    status - 500 
    message - ValidationError: "PhoneNumber" must be less than or equal to 10 
    url - /api/v1/customer/ 
    method - POST 
    IP - ::1
   {"timestamp":"2022-08-10T19:01:27.334Z"}
info: Server started at http://localhost:3000/api/v1/ {"timestamp":"2022-08-10T19:02:29.354Z"}
info: Connected to the database. {"timestamp":"2022-08-10T19:02:32.024Z"}
info: Server started at http://localhost:3000/api/v1/ {"timestamp":"2022-08-10T19:05:07.612Z"}
info: Connected to the database. {"timestamp":"2022-08-10T19:05:10.639Z"}
error: 
    status - 500 
    message - TypeError: _joi.default.number(...).length is not a function
    at customerDetailsValidator (C:\Users\ankan\Backend_Book_Store\Back_Book_Store\src\validators\/customerDetails.validator.js:6:35)
    at Layer.handle [as handle_request] (C:\Users\ankan\Backend_Book_Store\Back_Book_Store\node_modules\express\lib\router\layer.js:95:5)
    at next (C:\Users\ankan\Backend_Book_Store\Back_Book_Store\node_modules\express\lib\router\route.js:144:13)
    at Route.dispatch (C:\Users\ankan\Backend_Book_Store\Back_Book_Store\node_modules\express\lib\router\route.js:114:3)
    at Layer.handle [as handle_request] (C:\Users\ankan\Backend_Book_Store\Back_Book_Store\node_modules\express\lib\router\layer.js:95:5)
    at C:\Users\ankan\Backend_Book_Store\Back_Book_Store\node_modules\express\lib\router\index.js:284:15
    at Function.process_params (C:\Users\ankan\Backend_Book_Store\Back_Book_Store\node_modules\express\lib\router\index.js:346:12)
    at next (C:\Users\ankan\Backend_Book_Store\Back_Book_Store\node_modules\express\lib\router\index.js:280:10)
    at Function.handle (C:\Users\ankan\Backend_Book_Store\Back_Book_Store\node_modules\express\lib\router\index.js:175:3)
    at router (C:\Users\ankan\Backend_Book_Store\Back_Book_Store\node_modules\express\lib\router\index.js:47:12)
    at Layer.handle [as handle_request] (C:\Users\ankan\Backend_Book_Store\Back_Book_Store\node_modules\express\lib\router\layer.js:95:5)
    at trim_prefix (C:\Users\ankan\Backend_Book_Store\Back_Book_Store\node_modules\express\lib\router\index.js:328:13)
    at C:\Users\ankan\Backend_Book_Store\Back_Book_Store\node_modules\express\lib\router\index.js:286:9
    at Function.process_params (C:\Users\ankan\Backend_Book_Store\Back_Book_Store\node_modules\express\lib\router\index.js:346:12)
    at next (C:\Users\ankan\Backend_Book_Store\Back_Book_Store\node_modules\express\lib\router\index.js:280:10)
    at Function.handle (C:\Users\ankan\Backend_Book_Store\Back_Book_Store\node_modules\express\lib\router\index.js:175:3) 
    url - /api/v1/customer/ 
    method - POST 
    IP - ::1
   {"timestamp":"2022-08-10T19:05:15.570Z"}
info: Server started at http://localhost:3000/api/v1/ {"timestamp":"2022-08-10T19:07:09.836Z"}
info: Connected to the database. {"timestamp":"2022-08-10T19:07:12.471Z"}
error: 
    status - 500 
    message - ValidationError: "PhoneNumber" must be less than or equal to 10 
    url - /api/v1/customer/ 
    method - POST 
    IP - ::1
   {"timestamp":"2022-08-10T19:07:17.821Z"}
info: Server started at http://localhost:3000/api/v1/ {"timestamp":"2022-08-10T19:08:50.523Z"}
info: Connected to the database. {"timestamp":"2022-08-10T19:08:53.193Z"}
error: 
    status - 500 
    message - TypeError: _joi.default.number(...).phoneNumber is not a function
    at customerDetailsValidator (C:\Users\ankan\Backend_Book_Store\Back_Book_Store\src\validators\/customerDetails.validator.js:6:35)
    at Layer.handle [as handle_request] (C:\Users\ankan\Backend_Book_Store\Back_Book_Store\node_modules\express\lib\router\layer.js:95:5)
    at next (C:\Users\ankan\Backend_Book_Store\Back_Book_Store\node_modules\express\lib\router\route.js:144:13)
    at Route.dispatch (C:\Users\ankan\Backend_Book_Store\Back_Book_Store\node_modules\express\lib\router\route.js:114:3)
    at Layer.handle [as handle_request] (C:\Users\ankan\Backend_Book_Store\Back_Book_Store\node_modules\express\lib\router\layer.js:95:5)
    at C:\Users\ankan\Backend_Book_Store\Back_Book_Store\node_modules\express\lib\router\index.js:284:15
    at Function.process_params (C:\Users\ankan\Backend_Book_Store\Back_Book_Store\node_modules\express\lib\router\index.js:346:12)
    at next (C:\Users\ankan\Backend_Book_Store\Back_Book_Store\node_modules\express\lib\router\index.js:280:10)
    at Function.handle (C:\Users\ankan\Backend_Book_Store\Back_Book_Store\node_modules\express\lib\router\index.js:175:3)
    at router (C:\Users\ankan\Backend_Book_Store\Back_Book_Store\node_modules\express\lib\router\index.js:47:12)
    at Layer.handle [as handle_request] (C:\Users\ankan\Backend_Book_Store\Back_Book_Store\node_modules\express\lib\router\layer.js:95:5)
    at trim_prefix (C:\Users\ankan\Backend_Book_Store\Back_Book_Store\node_modules\express\lib\router\index.js:328:13)
    at C:\Users\ankan\Backend_Book_Store\Back_Book_Store\node_modules\express\lib\router\index.js:286:9
    at Function.process_params (C:\Users\ankan\Backend_Book_Store\Back_Book_Store\node_modules\express\lib\router\index.js:346:12)
    at next (C:\Users\ankan\Backend_Book_Store\Back_Book_Store\node_modules\express\lib\router\index.js:280:10)
    at Function.handle (C:\Users\ankan\Backend_Book_Store\Back_Book_Store\node_modules\express\lib\router\index.js:175:3) 
    url - /api/v1/customer/ 
    method - POST 
    IP - ::1
   {"timestamp":"2022-08-10T19:09:34.072Z"}
info: Server started at http://localhost:3000/api/v1/ {"timestamp":"2022-08-10T19:10:54.678Z"}
info: Connected to the database. {"timestamp":"2022-08-10T19:10:57.249Z"}
info: Server started at http://localhost:3000/api/v1/ {"timestamp":"2022-08-10T19:11:19.216Z"}
info: Server started at http://localhost:3000/api/v1/ {"timestamp":"2022-08-10T19:11:29.055Z"}
info: Connected to the database. {"timestamp":"2022-08-10T19:11:31.456Z"}
error: 
    status - 500 
    message - ValidationError: "Address" failed custom validation because Cannot read properties of undefined (reading 'presence') 
    url - /api/v1/customer/ 
    method - POST 
    IP - ::1
   {"timestamp":"2022-08-10T19:11:35.141Z"}
error: 
    status - 500 
    message - ValidationError: "Address" failed custom validation because Cannot read properties of undefined (reading 'presence') 
    url - /api/v1/customer/ 
    method - POST 
    IP - ::1
   {"timestamp":"2022-08-10T19:13:44.240Z"}
info: Server started at http://localhost:3000/api/v1/ {"timestamp":"2022-08-10T19:14:54.700Z"}
info: Connected to the database. {"timestamp":"2022-08-10T19:14:57.280Z"}
info: Server started at http://localhost:3000/api/v1/ {"timestamp":"2022-08-10T19:16:02.483Z"}
info: Connected to the database. {"timestamp":"2022-08-10T19:16:05.328Z"}
info: Server started at http://localhost:3000/api/v1/ {"timestamp":"2022-08-10T19:18:48.448Z"}
info: Connected to the database. {"timestamp":"2022-08-10T19:18:51.079Z"}
info: Server started at http://localhost:3000/api/v1/ {"timestamp":"2022-08-10T19:19:01.617Z"}
info: Connected to the database. {"timestamp":"2022-08-10T19:19:04.200Z"}
error: 
    status - 500 
    message - ValidationError: "Email" is not allowed 
    url - /api/v1/customer/ 
    method - POST 
    IP - ::1
   {"timestamp":"2022-08-10T19:19:18.100Z"}
info: Server started at http://localhost:3000/api/v1/ {"timestamp":"2022-08-10T19:21:09.807Z"}
info: Connected to the database. {"timestamp":"2022-08-10T19:21:12.610Z"}
info: Server started at http://localhost:3000/api/v1/ {"timestamp":"2022-08-10T19:24:36.936Z"}
info: Connected to the database. {"timestamp":"2022-08-10T19:24:39.601Z"}
info: Server started at http://localhost:3000/api/v1/ {"timestamp":"2022-08-10T19:24:49.148Z"}
info: Connected to the database. {"timestamp":"2022-08-10T19:24:51.688Z"}
info: Server started at http://localhost:3000/api/v1/ {"timestamp":"2022-08-10T19:25:09.125Z"}
info: Connected to the database. {"timestamp":"2022-08-10T19:25:11.658Z"}
info: Server started at http://localhost:3000/api/v1/ {"timestamp":"2022-08-10T19:26:21.161Z"}
info: Connected to the database. {"timestamp":"2022-08-10T19:26:23.834Z"}
info: Server started at http://localhost:3000/api/v1/ {"timestamp":"2022-08-10T19:30:47.157Z"}
info: Connected to the database. {"timestamp":"2022-08-10T19:30:49.888Z"}
info: Server started at http://localhost:3000/api/v1/ {"timestamp":"2022-08-10T19:31:28.206Z"}
info: Connected to the database. {"timestamp":"2022-08-10T19:31:30.804Z"}
info: Server started at http://localhost:3000/api/v1/ {"timestamp":"2022-08-10T19:33:06.386Z"}
info: Connected to the database. {"timestamp":"2022-08-10T19:33:09.217Z"}
info: Server started at http://localhost:3000/api/v1/ {"timestamp":"2022-08-10T19:34:52.423Z"}
info: Server started at http://localhost:3000/api/v1/ {"timestamp":"2022-08-10T19:35:02.982Z"}
info: Connected to the database. {"timestamp":"2022-08-10T19:35:05.462Z"}
info: Server started at http://localhost:3000/api/v1/ {"timestamp":"2022-08-10T19:36:03.867Z"}
info: Connected to the database. {"timestamp":"2022-08-10T19:36:06.476Z"}
info: Server started at http://localhost:3000/api/v1/ {"timestamp":"2022-08-10T19:37:44.646Z"}
info: Connected to the database. {"timestamp":"2022-08-10T19:37:47.296Z"}
info: Server started at http://localhost:3000/api/v1/ {"timestamp":"2022-08-10T19:38:40.913Z"}
info: Connected to the database. {"timestamp":"2022-08-10T19:38:43.419Z"}
info: Server started at http://localhost:3000/api/v1/ {"timestamp":"2022-08-10T19:38:57.982Z"}
info: Connected to the database. {"timestamp":"2022-08-10T19:39:00.565Z"}
info: Server started at http://localhost:3000/api/v1/ {"timestamp":"2022-08-10T20:22:53.314Z"}
info: Connected to the database. {"timestamp":"2022-08-10T20:22:55.871Z"}
info: Server started at http://localhost:3000/api/v1/ {"timestamp":"2022-08-10T20:23:11.770Z"}
info: Connected to the database. {"timestamp":"2022-08-10T20:23:14.224Z"}
info: Server started at http://localhost:3000/api/v1/ {"timestamp":"2022-08-10T20:28:14.068Z"}
info: Connected to the database. {"timestamp":"2022-08-10T20:28:16.638Z"}
info: Server started at http://localhost:3000/api/v1/ {"timestamp":"2022-08-10T20:28:53.776Z"}
info: Connected to the database. {"timestamp":"2022-08-10T20:28:56.367Z"}
info: Server started at http://localhost:3000/api/v1/ {"timestamp":"2022-08-10T20:29:19.799Z"}
info: Connected to the database. {"timestamp":"2022-08-10T20:29:22.660Z"}
info: Server started at http://localhost:3000/api/v1/ {"timestamp":"2022-08-10T20:30:32.953Z"}
info: Connected to the database. {"timestamp":"2022-08-10T20:30:35.635Z"}
info: Server started at http://localhost:3000/api/v1/ {"timestamp":"2022-08-10T20:32:45.448Z"}
info: Connected to the database. {"timestamp":"2022-08-10T20:32:48.195Z"}
info: Server started at http://localhost:3000/api/v1/ {"timestamp":"2022-08-10T20:33:36.633Z"}
info: Connected to the database. {"timestamp":"2022-08-10T20:33:39.090Z"}
info: Server started at http://localhost:3000/api/v1/ {"timestamp":"2022-08-10T20:34:11.270Z"}
info: Connected to the database. {"timestamp":"2022-08-10T20:34:13.869Z"}
info: Server started at http://localhost:3000/api/v1/ {"timestamp":"2022-08-10T20:36:29.784Z"}
info: Connected to the database. {"timestamp":"2022-08-10T20:36:32.520Z"}
info: Server started at http://localhost:3000/api/v1/ {"timestamp":"2022-08-10T20:36:57.929Z"}
info: Server started at http://localhost:3000/api/v1/ {"timestamp":"2022-08-10T20:37:04.153Z"}
info: Server started at http://localhost:3000/api/v1/ {"timestamp":"2022-08-10T20:37:11.770Z"}
info: Connected to the database. {"timestamp":"2022-08-10T20:37:14.305Z"}
info: Server started at http://localhost:3000/api/v1/ {"timestamp":"2022-08-10T20:37:35.055Z"}
info: Connected to the database. {"timestamp":"2022-08-10T20:37:37.605Z"}
info: Server started at http://localhost:3000/api/v1/ {"timestamp":"2022-08-10T20:37:44.528Z"}
info: Server started at http://localhost:3000/api/v1/ {"timestamp":"2022-08-10T20:37:56.101Z"}
info: Connected to the database. {"timestamp":"2022-08-10T20:37:58.571Z"}
info: Server started at http://localhost:3000/api/v1/ {"timestamp":"2022-08-10T20:38:11.056Z"}
info: Server started at http://localhost:3000/api/v1/ {"timestamp":"2022-08-10T20:38:19.177Z"}
info: Connected to the database. {"timestamp":"2022-08-10T20:38:21.726Z"}
info: Server started at http://localhost:3000/api/v1/ {"timestamp":"2022-08-11T02:37:58.499Z"}
info: Connected to the database. {"timestamp":"2022-08-11T02:38:01.123Z"}
info: Server started at http://localhost:3000/api/v1/ {"timestamp":"2022-08-11T02:41:19.637Z"}
info: Connected to the database. {"timestamp":"2022-08-11T02:41:22.259Z"}
