info: Server started at http://localhost:3000/api/v1/ {"timestamp":"2022-08-23T18:33:02.106Z"}
info: Connected to the database. {"timestamp":"2022-08-23T18:33:04.920Z"}
info: Server started at http://localhost:3000/api/v1/ {"timestamp":"2022-08-23T19:05:52.272Z"}
info: Connected to the database. {"timestamp":"2022-08-23T19:05:54.870Z"}
info: Server started at http://localhost:3000/api/v1/ {"timestamp":"2022-08-23T19:06:35.794Z"}
info: Connected to the database. {"timestamp":"2022-08-23T19:06:38.362Z"}
info: Server started at http://localhost:3000/api/v1/ {"timestamp":"2022-08-23T19:06:52.077Z"}
info: Connected to the database. {"timestamp":"2022-08-23T19:06:54.706Z"}
info: Server started at http://localhost:3000/api/v1/ {"timestamp":"2022-08-23T19:07:03.366Z"}
info: Connected to the database. {"timestamp":"2022-08-23T19:07:06.000Z"}
info: Server started at http://localhost:3000/api/v1/ {"timestamp":"2022-08-23T19:08:58.224Z"}
info: Connected to the database. {"timestamp":"2022-08-23T19:09:00.853Z"}
info: Server started at http://localhost:3000/api/v1/ {"timestamp":"2022-08-23T20:02:56.583Z"}
info: Server started at http://localhost:3000/api/v1/ {"timestamp":"2022-08-23T20:03:05.075Z"}
info: Server started at http://localhost:3000/api/v1/ {"timestamp":"2022-08-23T20:03:23.783Z"}
info: Connected to the database. {"timestamp":"2022-08-23T20:03:26.372Z"}
info: Server started at http://localhost:3000/api/v1/ {"timestamp":"2022-08-23T20:04:33.791Z"}
info: Server started at http://localhost:3000/api/v1/ {"timestamp":"2022-08-23T20:04:46.754Z"}
info: Connected to the database. {"timestamp":"2022-08-23T20:04:49.393Z"}
info: Server started at http://localhost:3000/api/v1/ {"timestamp":"2022-08-23T20:05:37.288Z"}
info: Connected to the database. {"timestamp":"2022-08-23T20:05:39.946Z"}
info: Server started at http://localhost:3000/api/v1/ {"timestamp":"2022-08-23T20:10:44.052Z"}
info: Connected to the database. {"timestamp":"2022-08-23T20:10:46.790Z"}
info: Server started at http://localhost:3000/api/v1/ {"timestamp":"2022-08-23T20:11:26.305Z"}
info: Connected to the database. {"timestamp":"2022-08-23T20:11:28.822Z"}
info: Server started at http://localhost:3000/api/v1/ {"timestamp":"2022-08-23T20:12:49.513Z"}
info: Server started at http://localhost:3000/api/v1/ {"timestamp":"2022-08-23T20:13:05.412Z"}
info: Connected to the database. {"timestamp":"2022-08-23T20:13:07.983Z"}
info: Server started at http://localhost:3000/api/v1/ {"timestamp":"2022-08-23T20:13:22.349Z"}
info: Connected to the database. {"timestamp":"2022-08-23T20:13:24.917Z"}
info: Server started at http://localhost:3000/api/v1/ {"timestamp":"2022-08-23T20:14:23.199Z"}
info: Server started at http://localhost:3000/api/v1/ {"timestamp":"2022-08-23T20:14:33.379Z"}
info: Connected to the database. {"timestamp":"2022-08-23T20:14:35.871Z"}
info: Server started at http://localhost:3000/api/v1/ {"timestamp":"2022-08-23T20:14:45.505Z"}
info: Connected to the database. {"timestamp":"2022-08-23T20:14:48.036Z"}
info: Server started at http://localhost:3000/api/v1/ {"timestamp":"2022-08-23T20:14:56.204Z"}
info: Connected to the database. {"timestamp":"2022-08-23T20:14:58.775Z"}
info: Server started at http://localhost:3000/api/v1/ {"timestamp":"2022-08-23T20:15:53.184Z"}
info: Connected to the database. {"timestamp":"2022-08-23T20:15:56.054Z"}
info: Server started at http://localhost:3000/api/v1/ {"timestamp":"2022-08-23T20:16:04.733Z"}
info: Connected to the database. {"timestamp":"2022-08-23T20:16:07.302Z"}
info: Server started at http://localhost:3000/api/v1/ {"timestamp":"2022-08-23T20:16:35.411Z"}
info: Connected to the database. {"timestamp":"2022-08-23T20:16:37.904Z"}
info: Server started at http://localhost:3000/api/v1/ {"timestamp":"2022-08-23T20:16:50.192Z"}
info: Connected to the database. {"timestamp":"2022-08-23T20:16:58.291Z"}
info: Server started at http://localhost:3000/api/v1/ {"timestamp":"2022-08-23T20:17:37.005Z"}
info: Connected to the database. {"timestamp":"2022-08-23T20:17:39.580Z"}
info: Server started at http://localhost:3000/api/v1/ {"timestamp":"2022-08-23T20:18:28.509Z"}
info: Connected to the database. {"timestamp":"2022-08-23T20:18:31.433Z"}
info: Server started at http://localhost:3000/api/v1/ {"timestamp":"2022-08-23T20:18:48.079Z"}
info: Connected to the database. {"timestamp":"2022-08-23T20:18:50.645Z"}
info: Server started at http://localhost:3000/api/v1/ {"timestamp":"2022-08-23T20:19:12.758Z"}
info: Connected to the database. {"timestamp":"2022-08-23T20:19:15.326Z"}
info: Server started at http://localhost:3000/api/v1/ {"timestamp":"2022-08-23T20:19:53.066Z"}
info: Server started at http://localhost:3000/api/v1/ {"timestamp":"2022-08-23T20:20:10.667Z"}
info: Server started at http://localhost:3000/api/v1/ {"timestamp":"2022-08-23T20:22:43.271Z"}
info: Connected to the database. {"timestamp":"2022-08-23T20:22:45.946Z"}
info: Server started at http://localhost:3000/api/v1/ {"timestamp":"2022-08-23T20:23:40.729Z"}
info: Connected to the database. {"timestamp":"2022-08-23T20:23:44.808Z"}
info: Server started at http://localhost:3000/api/v1/ {"timestamp":"2022-08-23T20:24:10.987Z"}
info: Connected to the database. {"timestamp":"2022-08-23T20:24:13.803Z"}
info: Server started at http://localhost:3000/api/v1/ {"timestamp":"2022-08-23T20:25:40.006Z"}
info: Connected to the database. {"timestamp":"2022-08-23T20:25:42.674Z"}
info: Server started at http://localhost:3000/api/v1/ {"timestamp":"2022-08-23T20:26:29.833Z"}
info: Connected to the database. {"timestamp":"2022-08-23T20:26:32.380Z"}
info: Server started at http://localhost:3000/api/v1/ {"timestamp":"2022-08-23T20:28:25.193Z"}
info: Connected to the database. {"timestamp":"2022-08-23T20:28:27.772Z"}
info: Server started at http://localhost:3000/api/v1/ {"timestamp":"2022-08-23T20:31:23.223Z"}
info: Connected to the database. {"timestamp":"2022-08-23T20:31:25.940Z"}
info: Server started at http://localhost:3000/api/v1/ {"timestamp":"2022-08-23T20:35:31.584Z"}
info: Connected to the database. {"timestamp":"2022-08-23T20:35:34.118Z"}
info: Server started at http://localhost:3000/api/v1/ {"timestamp":"2022-08-23T20:36:04.298Z"}
info: Connected to the database. {"timestamp":"2022-08-23T20:36:06.816Z"}
info: Server started at http://localhost:3000/api/v1/ {"timestamp":"2022-08-23T20:37:19.066Z"}
info: Connected to the database. {"timestamp":"2022-08-23T20:37:21.692Z"}
info: Server started at http://localhost:3000/api/v1/ {"timestamp":"2022-08-23T20:37:48.157Z"}
info: Connected to the database. {"timestamp":"2022-08-23T20:37:50.721Z"}
info: Server started at http://localhost:3000/api/v1/ {"timestamp":"2022-08-23T20:38:38.878Z"}
info: Connected to the database. {"timestamp":"2022-08-23T20:38:41.522Z"}
info: Server started at http://localhost:3000/api/v1/ {"timestamp":"2022-08-23T20:53:57.086Z"}
info: Connected to the database. {"timestamp":"2022-08-23T20:53:59.753Z"}
info: Server started at http://localhost:3000/api/v1/ {"timestamp":"2022-08-23T20:54:35.989Z"}
info: Connected to the database. {"timestamp":"2022-08-23T20:54:38.555Z"}
info: Server started at http://localhost:3000/api/v1/ {"timestamp":"2022-08-23T20:58:24.867Z"}
info: Connected to the database. {"timestamp":"2022-08-23T20:58:27.468Z"}
info: Server started at http://localhost:3000/api/v1/ {"timestamp":"2022-08-23T20:58:40.271Z"}
info: Connected to the database. {"timestamp":"2022-08-23T20:58:42.821Z"}
info: Server started at http://localhost:3000/api/v1/ {"timestamp":"2022-08-23T21:00:00.290Z"}
info: Server started at http://localhost:3000/api/v1/ {"timestamp":"2022-08-23T21:00:18.821Z"}
info: Connected to the database. {"timestamp":"2022-08-23T21:00:21.753Z"}
info: Server started at http://localhost:3000/api/v1/ {"timestamp":"2022-08-23T21:00:44.340Z"}
info: Connected to the database. {"timestamp":"2022-08-23T21:00:47.003Z"}
info: Server started at http://localhost:3000/api/v1/ {"timestamp":"2022-08-23T21:02:10.692Z"}
info: Connected to the database. {"timestamp":"2022-08-23T21:02:13.412Z"}
info: Server started at http://localhost:3000/api/v1/ {"timestamp":"2022-08-23T21:02:48.841Z"}
info: Connected to the database. {"timestamp":"2022-08-23T21:02:56.679Z"}
info: Server started at http://localhost:3000/api/v1/ {"timestamp":"2022-08-23T21:08:02.071Z"}
info: Connected to the database. {"timestamp":"2022-08-23T21:08:04.639Z"}
info: Server started at http://localhost:3000/api/v1/ {"timestamp":"2022-08-23T21:08:41.983Z"}
info: Connected to the database. {"timestamp":"2022-08-23T21:08:44.596Z"}
info: Server started at http://localhost:3000/api/v1/ {"timestamp":"2022-08-23T21:14:08.981Z"}
info: Connected to the database. {"timestamp":"2022-08-23T21:14:11.681Z"}
info: Server started at http://localhost:3000/api/v1/ {"timestamp":"2022-08-23T21:14:20.941Z"}
info: Connected to the database. {"timestamp":"2022-08-23T21:14:23.707Z"}
info: Server started at http://localhost:3000/api/v1/ {"timestamp":"2022-08-23T21:16:21.552Z"}
info: Connected to the database. {"timestamp":"2022-08-23T21:16:24.324Z"}
info: Server started at http://localhost:3000/api/v1/ {"timestamp":"2022-08-23T21:18:01.703Z"}
info: Connected to the database. {"timestamp":"2022-08-23T21:18:04.628Z"}
info: Server started at http://localhost:3000/api/v1/ {"timestamp":"2022-08-23T21:18:35.277Z"}
info: Connected to the database. {"timestamp":"2022-08-23T21:18:37.765Z"}
info: Server started at http://localhost:3000/api/v1/ {"timestamp":"2022-08-23T21:19:45.520Z"}
info: Connected to the database. {"timestamp":"2022-08-23T21:19:53.250Z"}
info: Server started at http://localhost:3000/api/v1/ {"timestamp":"2022-08-23T21:20:21.354Z"}
info: Connected to the database. {"timestamp":"2022-08-23T21:20:29.013Z"}
info: Server started at http://localhost:3000/api/v1/ {"timestamp":"2022-08-23T21:22:07.453Z"}
info: Connected to the database. {"timestamp":"2022-08-23T21:22:10.075Z"}
info: Server started at http://localhost:3000/api/v1/ {"timestamp":"2022-08-23T21:23:00.601Z"}
info: Server started at http://localhost:3000/api/v1/ {"timestamp":"2022-08-23T21:23:22.801Z"}
info: Connected to the database. {"timestamp":"2022-08-23T21:23:25.425Z"}
info: Server started at http://localhost:3000/api/v1/ {"timestamp":"2022-08-23T21:25:30.953Z"}
info: Connected to the database. {"timestamp":"2022-08-23T21:25:33.695Z"}
info: Server started at http://localhost:3000/api/v1/ {"timestamp":"2022-08-23T21:27:30.639Z"}
info: Connected to the database. {"timestamp":"2022-08-23T21:27:33.271Z"}
info: Server started at http://localhost:3000/api/v1/ {"timestamp":"2022-08-23T21:28:48.822Z"}
info: Server started at http://localhost:3000/api/v1/ {"timestamp":"2022-08-23T21:29:35.434Z"}
info: Connected to the database. {"timestamp":"2022-08-23T21:29:37.899Z"}
info: Server started at http://localhost:3000/api/v1/ {"timestamp":"2022-08-23T21:31:06.225Z"}
info: Server started at http://localhost:3000/api/v1/ {"timestamp":"2022-08-23T21:31:22.218Z"}
info: Connected to the database. {"timestamp":"2022-08-23T21:31:24.922Z"}
info: Server started at http://localhost:3000/api/v1/ {"timestamp":"2022-08-23T21:31:41.752Z"}
info: Connected to the database. {"timestamp":"2022-08-23T21:31:44.891Z"}
info: Server started at http://localhost:3000/api/v1/ {"timestamp":"2022-08-23T21:32:20.000Z"}
info: Connected to the database. {"timestamp":"2022-08-23T21:32:22.709Z"}
info: Server started at http://localhost:3000/api/v1/ {"timestamp":"2022-08-23T21:35:11.341Z"}
info: Connected to the database. {"timestamp":"2022-08-23T21:35:13.956Z"}
info: Server started at http://localhost:3000/api/v1/ {"timestamp":"2022-08-23T21:35:31.964Z"}
info: Connected to the database. {"timestamp":"2022-08-23T21:35:34.589Z"}
info: Server started at http://localhost:3000/api/v1/ {"timestamp":"2022-08-23T21:37:56.502Z"}
info: Connected to the database. {"timestamp":"2022-08-23T21:37:59.062Z"}
info: Server started at http://localhost:3000/api/v1/ {"timestamp":"2022-08-23T21:38:10.201Z"}
info: Server started at http://localhost:3000/api/v1/ {"timestamp":"2022-08-23T21:38:49.270Z"}
info: Connected to the database. {"timestamp":"2022-08-23T21:38:51.910Z"}
info: Server started at http://localhost:3000/api/v1/ {"timestamp":"2022-08-23T21:39:12.052Z"}
info: Connected to the database. {"timestamp":"2022-08-23T21:39:14.693Z"}
info: Server started at http://localhost:3000/api/v1/ {"timestamp":"2022-08-23T21:41:41.914Z"}
info: Connected to the database. {"timestamp":"2022-08-23T21:41:44.597Z"}
info: Server started at http://localhost:3000/api/v1/ {"timestamp":"2022-08-23T21:41:56.035Z"}
info: Connected to the database. {"timestamp":"2022-08-23T21:41:58.560Z"}
info: Server started at http://localhost:3000/api/v1/ {"timestamp":"2022-08-23T21:44:15.641Z"}
info: Connected to the database. {"timestamp":"2022-08-23T21:44:18.396Z"}
info: Server started at http://localhost:3000/api/v1/ {"timestamp":"2022-08-23T21:44:45.628Z"}
info: Server started at http://localhost:3000/api/v1/ {"timestamp":"2022-08-23T21:45:26.784Z"}
info: Connected to the database. {"timestamp":"2022-08-23T21:45:29.405Z"}
info: Server started at http://localhost:3000/api/v1/ {"timestamp":"2022-08-23T21:45:40.722Z"}
info: Server started at http://localhost:3000/api/v1/ {"timestamp":"2022-08-23T21:45:54.781Z"}
info: Connected to the database. {"timestamp":"2022-08-23T21:46:02.445Z"}
info: Server started at http://localhost:3000/api/v1/ {"timestamp":"2022-08-23T21:47:11.734Z"}
info: Connected to the database. {"timestamp":"2022-08-23T21:47:14.534Z"}
info: Server started at http://localhost:3000/api/v1/ {"timestamp":"2022-08-23T21:50:39.359Z"}
info: Server started at http://localhost:3000/api/v1/ {"timestamp":"2022-08-23T21:50:53.622Z"}
info: Server started at http://localhost:3000/api/v1/ {"timestamp":"2022-08-23T21:51:04.690Z"}
info: Connected to the database. {"timestamp":"2022-08-23T21:51:07.384Z"}
info: Server started at http://localhost:3000/api/v1/ {"timestamp":"2022-08-23T21:51:16.969Z"}
info: Connected to the database. {"timestamp":"2022-08-23T21:51:19.590Z"}
info: Server started at http://localhost:3000/api/v1/ {"timestamp":"2022-08-23T21:53:16.347Z"}
info: Connected to the database. {"timestamp":"2022-08-23T21:53:24.324Z"}
info: Server started at http://localhost:3000/api/v1/ {"timestamp":"2022-08-23T21:57:04.053Z"}
info: Connected to the database. {"timestamp":"2022-08-23T21:57:07.545Z"}
info: Server started at http://localhost:3000/api/v1/ {"timestamp":"2022-08-23T21:58:12.736Z"}
info: Connected to the database. {"timestamp":"2022-08-23T21:58:15.466Z"}
info: Server started at http://localhost:3000/api/v1/ {"timestamp":"2022-08-23T21:58:53.586Z"}
info: Connected to the database. {"timestamp":"2022-08-23T21:58:56.195Z"}
info: Server started at http://localhost:3000/api/v1/ {"timestamp":"2022-08-23T22:01:25.102Z"}
info: Connected to the database. {"timestamp":"2022-08-23T22:01:27.898Z"}
info: Server started at http://localhost:3000/api/v1/ {"timestamp":"2022-08-23T22:02:46.093Z"}
info: Connected to the database. {"timestamp":"2022-08-23T22:02:48.842Z"}
info: Server started at http://localhost:3000/api/v1/ {"timestamp":"2022-08-23T22:04:50.248Z"}
info: Connected to the database. {"timestamp":"2022-08-23T22:04:53.430Z"}
info: Server started at http://localhost:3000/api/v1/ {"timestamp":"2022-08-23T22:05:27.954Z"}
info: Connected to the database. {"timestamp":"2022-08-23T22:05:30.507Z"}
info: Server started at http://localhost:3000/api/v1/ {"timestamp":"2022-08-23T22:06:01.817Z"}
info: Connected to the database. {"timestamp":"2022-08-23T22:06:04.556Z"}
info: Server started at http://localhost:3000/api/v1/ {"timestamp":"2022-08-23T22:07:12.064Z"}
info: Connected to the database. {"timestamp":"2022-08-23T22:07:14.994Z"}
info: Server started at http://localhost:3000/api/v1/ {"timestamp":"2022-08-23T22:08:13.068Z"}
info: Connected to the database. {"timestamp":"2022-08-23T22:08:21.041Z"}
info: Server started at http://localhost:3000/api/v1/ {"timestamp":"2022-08-23T22:08:59.391Z"}
info: Connected to the database. {"timestamp":"2022-08-23T22:09:01.893Z"}
info: Server started at http://localhost:3000/api/v1/ {"timestamp":"2022-08-23T22:10:27.504Z"}
info: Connected to the database. {"timestamp":"2022-08-23T22:10:30.094Z"}
info: Server started at http://localhost:3000/api/v1/ {"timestamp":"2022-08-23T22:12:13.741Z"}
info: Connected to the database. {"timestamp":"2022-08-23T22:12:19.062Z"}
info: Server started at http://localhost:3000/api/v1/ {"timestamp":"2022-08-23T22:21:52.388Z"}
info: Connected to the database. {"timestamp":"2022-08-23T22:21:55.029Z"}
error: 
    status - 500 
    message - SyntaxError: Unexpected token T in JSON at position 0
    at JSON.parse (<anonymous>)
    at createStrictSyntaxError (C:\Users\ankan\Backend_Book_Store\Back_Book_Store\node_modules\body-parser\lib\types\json.js:160:10)
    at parse (C:\Users\ankan\Backend_Book_Store\Back_Book_Store\node_modules\body-parser\lib\types\json.js:83:15)
    at C:\Users\ankan\Backend_Book_Store\Back_Book_Store\node_modules\body-parser\lib\read.js:128:18
    at AsyncResource.runInAsyncScope (node:async_hooks:202:9)
    at invokeCallback (C:\Users\ankan\Backend_Book_Store\Back_Book_Store\node_modules\raw-body\index.js:231:16)
    at done (C:\Users\ankan\Backend_Book_Store\Back_Book_Store\node_modules\raw-body\index.js:220:7)
    at IncomingMessage.onEnd (C:\Users\ankan\Backend_Book_Store\Back_Book_Store\node_modules\raw-body\index.js:280:7)
    at IncomingMessage.emit (node:events:539:35)
    at IncomingMessage.emit (node:domain:475:12)
    at endReadableNT (node:internal/streams/readable:1345:12)
    at processTicksAndRejections (node:internal/process/task_queues:83:21) 
    url - /api/v1/users/feedback/6215178d05253301a4fda5c4 
    method - POST 
    IP - ::1
   {"timestamp":"2022-08-23T22:52:43.363Z"}
info: Server started at http://localhost:3000/api/v1/ {"timestamp":"2022-08-23T23:06:03.038Z"}
info: Server started at http://localhost:3000/api/v1/ {"timestamp":"2022-08-23T23:06:20.040Z"}
info: Connected to the database. {"timestamp":"2022-08-23T23:06:22.543Z"}
info: Server started at http://localhost:3000/api/v1/ {"timestamp":"2022-08-23T23:08:26.297Z"}
info: Connected to the database. {"timestamp":"2022-08-23T23:08:29.681Z"}
info: Server started at http://localhost:3000/api/v1/ {"timestamp":"2022-08-23T23:12:23.976Z"}
info: Connected to the database. {"timestamp":"2022-08-23T23:12:26.571Z"}
info: Server started at http://localhost:3000/api/v1/ {"timestamp":"2022-08-23T23:12:45.816Z"}
info: Connected to the database. {"timestamp":"2022-08-23T23:12:48.274Z"}
info: Server started at http://localhost:3000/api/v1/ {"timestamp":"2022-08-23T23:13:05.905Z"}
info: Connected to the database. {"timestamp":"2022-08-23T23:13:08.546Z"}
info: Server started at http://localhost:3000/api/v1/ {"timestamp":"2022-08-23T23:13:43.036Z"}
info: Connected to the database. {"timestamp":"2022-08-23T23:13:45.556Z"}
info: Server started at http://localhost:3000/api/v1/ {"timestamp":"2022-08-23T23:14:08.108Z"}
info: Server started at http://localhost:3000/api/v1/ {"timestamp":"2022-08-23T23:14:23.598Z"}
info: Connected to the database. {"timestamp":"2022-08-23T23:14:26.097Z"}
info: Server started at http://localhost:3000/api/v1/ {"timestamp":"2022-08-23T23:15:33.271Z"}
info: Server started at http://localhost:3000/api/v1/ {"timestamp":"2022-08-23T23:15:43.284Z"}
info: Connected to the database. {"timestamp":"2022-08-23T23:15:45.768Z"}
info: Server started at http://localhost:3000/api/v1/ {"timestamp":"2022-08-23T23:16:14.157Z"}
info: Connected to the database. {"timestamp":"2022-08-23T23:16:16.634Z"}
info: Server started at http://localhost:3000/api/v1/ {"timestamp":"2022-08-23T23:19:06.580Z"}
info: Connected to the database. {"timestamp":"2022-08-23T23:19:09.356Z"}
info: Server started at http://localhost:3000/api/v1/ {"timestamp":"2022-08-23T23:20:45.237Z"}
info: Connected to the database. {"timestamp":"2022-08-23T23:20:47.869Z"}
info: Server started at http://localhost:3000/api/v1/ {"timestamp":"2022-08-23T23:21:05.257Z"}
info: Connected to the database. {"timestamp":"2022-08-23T23:21:07.786Z"}
info: Server started at http://localhost:3000/api/v1/ {"timestamp":"2022-08-24T02:52:46.907Z"}
info: Connected to the database. {"timestamp":"2022-08-24T02:52:49.678Z"}
info: Server started at http://localhost:3000/api/v1/ {"timestamp":"2022-08-24T04:13:51.108Z"}
info: Connected to the database. {"timestamp":"2022-08-24T04:13:53.649Z"}
info: Server started at http://localhost:3000/api/v1/ {"timestamp":"2022-08-24T13:10:40.351Z"}
info: Connected to the database. {"timestamp":"2022-08-24T13:10:43.007Z"}
info: Server started at http://localhost:3000/api/v1/ {"timestamp":"2022-08-24T13:19:33.463Z"}
info: Connected to the database. {"timestamp":"2022-08-24T13:19:36.088Z"}
info: Server started at http://localhost:3000/api/v1/ {"timestamp":"2022-08-24T13:19:52.284Z"}
info: Connected to the database. {"timestamp":"2022-08-24T13:19:54.847Z"}
info: Server started at http://localhost:3000/api/v1/ {"timestamp":"2022-08-24T13:22:53.548Z"}
info: Connected to the database. {"timestamp":"2022-08-24T13:22:56.491Z"}
info: Server started at http://localhost:3000/api/v1/ {"timestamp":"2022-08-24T13:26:27.412Z"}
info: Connected to the database. {"timestamp":"2022-08-24T13:26:30.087Z"}
info: Server started at http://localhost:3000/api/v1/ {"timestamp":"2022-08-24T13:26:42.763Z"}
info: Connected to the database. {"timestamp":"2022-08-24T13:26:45.386Z"}
info: Server started at http://localhost:3000/api/v1/ {"timestamp":"2022-08-24T13:27:26.654Z"}
info: Connected to the database. {"timestamp":"2022-08-24T13:27:29.320Z"}
info: Server started at http://localhost:3000/api/v1/ {"timestamp":"2022-08-24T13:29:59.958Z"}
info: Connected to the database. {"timestamp":"2022-08-24T13:30:02.737Z"}
info: Server started at http://localhost:3000/api/v1/ {"timestamp":"2022-08-24T13:33:52.601Z"}
info: Connected to the database. {"timestamp":"2022-08-24T13:33:55.397Z"}
info: Server started at http://localhost:3000/api/v1/ {"timestamp":"2022-08-24T13:34:11.045Z"}
info: Connected to the database. {"timestamp":"2022-08-24T13:34:13.606Z"}
info: Server started at http://localhost:3000/api/v1/ {"timestamp":"2022-08-24T13:34:53.713Z"}
info: Server started at http://localhost:3000/api/v1/ {"timestamp":"2022-08-24T13:35:16.997Z"}
info: Server started at http://localhost:3000/api/v1/ {"timestamp":"2022-08-24T13:35:37.166Z"}
info: Connected to the database. {"timestamp":"2022-08-24T13:35:40.140Z"}
info: Server started at http://localhost:3000/api/v1/ {"timestamp":"2022-08-24T13:36:48.515Z"}
info: Connected to the database. {"timestamp":"2022-08-24T13:36:51.172Z"}
info: Server started at http://localhost:3000/api/v1/ {"timestamp":"2022-08-24T13:37:48.733Z"}
info: Connected to the database. {"timestamp":"2022-08-24T13:37:51.344Z"}
info: Server started at http://localhost:3000/api/v1/ {"timestamp":"2022-08-24T13:41:39.825Z"}
info: Connected to the database. {"timestamp":"2022-08-24T13:41:42.536Z"}
info: Server started at http://localhost:3000/api/v1/ {"timestamp":"2022-08-24T13:42:41.110Z"}
info: Connected to the database. {"timestamp":"2022-08-24T13:42:43.770Z"}
info: Server started at http://localhost:3000/api/v1/ {"timestamp":"2022-08-24T13:43:06.743Z"}
info: Connected to the database. {"timestamp":"2022-08-24T13:43:09.355Z"}
info: Server started at http://localhost:3000/api/v1/ {"timestamp":"2022-08-24T13:43:38.524Z"}
info: Connected to the database. {"timestamp":"2022-08-24T13:43:41.069Z"}
info: Server started at http://localhost:3000/api/v1/ {"timestamp":"2022-08-24T14:16:04.713Z"}
info: Connected to the database. {"timestamp":"2022-08-24T14:16:07.990Z"}
info: Server started at http://localhost:3000/api/v1/ {"timestamp":"2022-08-24T14:17:16.893Z"}
info: Connected to the database. {"timestamp":"2022-08-24T14:17:19.829Z"}
info: Server started at http://localhost:3000/api/v1/ {"timestamp":"2022-08-24T14:19:25.041Z"}
info: Server started at http://localhost:3000/api/v1/ {"timestamp":"2022-08-24T14:20:01.180Z"}
info: Connected to the database. {"timestamp":"2022-08-24T14:20:06.570Z"}
info: Server started at http://localhost:3000/api/v1/ {"timestamp":"2022-08-24T14:24:20.162Z"}
info: Connected to the database. {"timestamp":"2022-08-24T14:24:22.754Z"}
info: Server started at http://localhost:3000/api/v1/ {"timestamp":"2022-08-24T14:27:50.019Z"}
info: Connected to the database. {"timestamp":"2022-08-24T14:27:52.618Z"}
info: Server started at http://localhost:3000/api/v1/ {"timestamp":"2022-08-24T14:28:42.242Z"}
info: Connected to the database. {"timestamp":"2022-08-24T14:28:44.807Z"}
info: Server started at http://localhost:3000/api/v1/ {"timestamp":"2022-08-24T14:29:14.354Z"}
info: Connected to the database. {"timestamp":"2022-08-24T14:29:16.947Z"}
info: Server started at http://localhost:3000/api/v1/ {"timestamp":"2022-08-24T14:31:25.175Z"}
info: Connected to the database. {"timestamp":"2022-08-24T14:31:27.941Z"}
info: Server started at http://localhost:3000/api/v1/ {"timestamp":"2022-08-24T14:33:52.972Z"}
info: Connected to the database. {"timestamp":"2022-08-24T14:33:55.728Z"}
