info: Server started at http://localhost:3000/api/v1/ {"timestamp":"2022-08-04T15:20:18.322Z"}
info: Connected to the database. {"timestamp":"2022-08-04T15:20:21.947Z"}
info: Server started at http://localhost:3000/api/v1/ {"timestamp":"2022-08-04T15:21:04.591Z"}
info: Connected to the database. {"timestamp":"2022-08-04T15:21:07.964Z"}
info: Server started at http://localhost:3000/api/v1/ {"timestamp":"2022-08-04T15:21:47.642Z"}
info: Connected to the database. {"timestamp":"2022-08-04T15:21:52.982Z"}
info: Server started at http://localhost:3000/api/v1/ {"timestamp":"2022-08-04T15:22:06.430Z"}
info: Connected to the database. {"timestamp":"2022-08-04T15:22:10.021Z"}
info: Server started at http://localhost:3000/api/v1/ {"timestamp":"2022-08-04T15:22:22.786Z"}
info: Connected to the database. {"timestamp":"2022-08-04T15:22:25.863Z"}
info: Server started at http://localhost:3000/api/v1/ {"timestamp":"2022-08-04T15:22:34.503Z"}
info: Server started at http://localhost:3000/api/v1/ {"timestamp":"2022-08-04T15:22:40.997Z"}
info: Connected to the database. {"timestamp":"2022-08-04T15:22:43.697Z"}
info: Server started at http://localhost:3000/api/v1/ {"timestamp":"2022-08-04T15:25:21.171Z"}
info: Connected to the database. {"timestamp":"2022-08-04T15:25:23.941Z"}
info: Server started at http://localhost:3000/api/v1/ {"timestamp":"2022-08-04T15:31:36.228Z"}
info: Connected to the database. {"timestamp":"2022-08-04T15:31:39.271Z"}
info: Server started at http://localhost:3000/api/v1/ {"timestamp":"2022-08-04T15:32:36.345Z"}
info: Server started at http://localhost:3000/api/v1/ {"timestamp":"2022-08-04T15:32:53.324Z"}
info: Connected to the database. {"timestamp":"2022-08-04T15:32:57.943Z"}
info: Server started at http://localhost:3000/api/v1/ {"timestamp":"2022-08-04T15:34:34.254Z"}
info: Connected to the database. {"timestamp":"2022-08-04T15:34:37.284Z"}
info: Server started at http://localhost:3000/api/v1/ {"timestamp":"2022-08-04T15:34:59.615Z"}
info: Connected to the database. {"timestamp":"2022-08-04T15:35:02.318Z"}
info: Server started at http://localhost:3000/api/v1/ {"timestamp":"2022-08-04T15:35:19.187Z"}
info: Connected to the database. {"timestamp":"2022-08-04T15:35:24.616Z"}
info: Server started at http://localhost:3000/api/v1/ {"timestamp":"2022-08-04T15:40:06.116Z"}
info: Connected to the database. {"timestamp":"2022-08-04T15:40:09.515Z"}
info: Server started at http://localhost:3000/api/v1/ {"timestamp":"2022-08-04T15:41:38.614Z"}
info: Connected to the database. {"timestamp":"2022-08-04T15:41:42.811Z"}
info: Server started at http://localhost:3000/api/v1/ {"timestamp":"2022-08-04T15:41:51.429Z"}
info: Connected to the database. {"timestamp":"2022-08-04T15:41:56.964Z"}
info: Server started at http://localhost:3000/api/v1/ {"timestamp":"2022-08-04T15:42:24.737Z"}
info: Connected to the database. {"timestamp":"2022-08-04T15:42:31.340Z"}
info: Server started at http://localhost:3000/api/v1/ {"timestamp":"2022-08-04T15:43:02.550Z"}
info: Server started at http://localhost:3000/api/v1/ {"timestamp":"2022-08-04T15:43:17.222Z"}
info: Server started at http://localhost:3000/api/v1/ {"timestamp":"2022-08-04T15:43:26.448Z"}
info: Connected to the database. {"timestamp":"2022-08-04T15:43:29.114Z"}
info: Server started at http://localhost:3000/api/v1/ {"timestamp":"2022-08-04T15:43:43.405Z"}
info: Connected to the database. {"timestamp":"2022-08-04T15:43:48.445Z"}
info: Server started at http://localhost:3000/api/v1/ {"timestamp":"2022-08-04T15:44:00.844Z"}
info: Connected to the database. {"timestamp":"2022-08-04T15:44:03.745Z"}
info: Server started at http://localhost:3000/api/v1/ {"timestamp":"2022-08-04T15:44:49.284Z"}
info: Server started at http://localhost:3000/api/v1/ {"timestamp":"2022-08-04T15:44:55.258Z"}
info: Connected to the database. {"timestamp":"2022-08-04T15:44:58.035Z"}
info: Server started at http://localhost:3000/api/v1/ {"timestamp":"2022-08-04T15:45:10.462Z"}
info: Connected to the database. {"timestamp":"2022-08-04T15:45:14.064Z"}
info: Server started at http://localhost:3000/api/v1/ {"timestamp":"2022-08-04T15:45:53.405Z"}
info: Connected to the database. {"timestamp":"2022-08-04T15:45:56.990Z"}
info: Server started at http://localhost:3000/api/v1/ {"timestamp":"2022-08-04T15:46:13.662Z"}
info: Connected to the database. {"timestamp":"2022-08-04T15:46:17.042Z"}
info: Server started at http://localhost:3000/api/v1/ {"timestamp":"2022-08-04T15:46:25.942Z"}
info: Connected to the database. {"timestamp":"2022-08-04T15:46:29.213Z"}
info: Server started at http://localhost:3000/api/v1/ {"timestamp":"2022-08-04T15:47:11.221Z"}
info: Connected to the database. {"timestamp":"2022-08-04T15:47:15.323Z"}
info: Server started at http://localhost:3000/api/v1/ {"timestamp":"2022-08-04T15:47:40.098Z"}
info: Connected to the database. {"timestamp":"2022-08-04T15:47:45.343Z"}
info: Server started at http://localhost:3000/api/v1/ {"timestamp":"2022-08-04T15:48:25.230Z"}
info: Connected to the database. {"timestamp":"2022-08-04T15:48:28.543Z"}
info: Server started at http://localhost:3000/api/v1/ {"timestamp":"2022-08-04T15:49:07.065Z"}
info: Connected to the database. {"timestamp":"2022-08-04T15:49:12.063Z"}
info: Connected to the database. {"timestamp":"2022-08-04T15:50:54.931Z"}
info: Connected to the database. {"timestamp":"2022-08-04T15:52:01.675Z"}
info: Connected to the database. {"timestamp":"2022-08-04T15:54:37.080Z"}
info: Server started at http://localhost:3000/api/v1/ {"timestamp":"2022-08-04T16:04:30.209Z"}
info: Connected to the database. {"timestamp":"2022-08-04T16:04:33.345Z"}
info: Server started at http://localhost:3000/api/v1/ {"timestamp":"2022-08-04T16:05:13.078Z"}
info: Connected to the database. {"timestamp":"2022-08-04T16:05:17.264Z"}
error: 
    status - 500 
    message - ReferenceError: result is not defined
    at _callee2$ (C:\Users\ankan\Backend_Book_Store\Back_Book_Store\src\services\/user.service.js:26:61)
    at tryCatch (C:\Users\ankan\Backend_Book_Store\Back_Book_Store\node_modules\@babel\runtime\helpers\regeneratorRuntime.js:86:17)
    at Generator._invoke (C:\Users\ankan\Backend_Book_Store\Back_Book_Store\node_modules\@babel\runtime\helpers\regeneratorRuntime.js:66:24)
    at Generator.next (C:\Users\ankan\Backend_Book_Store\Back_Book_Store\node_modules\@babel\runtime\helpers\regeneratorRuntime.js:117:21)
    at asyncGeneratorStep (C:\Users\ankan\Backend_Book_Store\Back_Book_Store\node_modules\@babel\runtime\helpers\asyncToGenerator.js:3:24)
    at _next (C:\Users\ankan\Backend_Book_Store\Back_Book_Store\node_modules\@babel\runtime\helpers\asyncToGenerator.js:25:9)
    at processTicksAndRejections (node:internal/process/task_queues:96:5) 
    url - /api/v1/users/login 
    method - POST 
    IP - ::1
   {"timestamp":"2022-08-04T16:14:18.303Z"}
info: Server started at http://localhost:3000/api/v1/ {"timestamp":"2022-08-04T16:15:17.918Z"}
info: Connected to the database. {"timestamp":"2022-08-04T16:15:20.816Z"}
error: 
    status - 500 
    message - ReferenceError: jwt is not defined
    at _callee2$ (C:\Users\ankan\Backend_Book_Store\Back_Book_Store\src\services\/user.service.js:28:13)
    at tryCatch (C:\Users\ankan\Backend_Book_Store\Back_Book_Store\node_modules\@babel\runtime\helpers\regeneratorRuntime.js:86:17)
    at Generator._invoke (C:\Users\ankan\Backend_Book_Store\Back_Book_Store\node_modules\@babel\runtime\helpers\regeneratorRuntime.js:66:24)
    at Generator.next (C:\Users\ankan\Backend_Book_Store\Back_Book_Store\node_modules\@babel\runtime\helpers\regeneratorRuntime.js:117:21)
    at asyncGeneratorStep (C:\Users\ankan\Backend_Book_Store\Back_Book_Store\node_modules\@babel\runtime\helpers\asyncToGenerator.js:3:24)
    at _next (C:\Users\ankan\Backend_Book_Store\Back_Book_Store\node_modules\@babel\runtime\helpers\asyncToGenerator.js:25:9) 
    url - /api/v1/users/login 
    method - POST 
    IP - ::1
   {"timestamp":"2022-08-04T16:15:42.883Z"}
info: Server started at http://localhost:3000/api/v1/ {"timestamp":"2022-08-04T16:16:23.855Z"}
info: Connected to the database. {"timestamp":"2022-08-04T16:16:27.615Z"}
info: Server started at http://localhost:3000/api/v1/ {"timestamp":"2022-08-04T16:16:59.716Z"}
info: Connected to the database. {"timestamp":"2022-08-04T16:17:02.354Z"}
error: 
    status - 500 
    message - ReferenceError: jwt is not defined
    at _callee2$ (C:\Users\ankan\Backend_Book_Store\Back_Book_Store\src\services\/user.service.js:29:13)
    at tryCatch (C:\Users\ankan\Backend_Book_Store\Back_Book_Store\node_modules\@babel\runtime\helpers\regeneratorRuntime.js:86:17)
    at Generator._invoke (C:\Users\ankan\Backend_Book_Store\Back_Book_Store\node_modules\@babel\runtime\helpers\regeneratorRuntime.js:66:24)
    at Generator.next (C:\Users\ankan\Backend_Book_Store\Back_Book_Store\node_modules\@babel\runtime\helpers\regeneratorRuntime.js:117:21)
    at asyncGeneratorStep (C:\Users\ankan\Backend_Book_Store\Back_Book_Store\node_modules\@babel\runtime\helpers\asyncToGenerator.js:3:24)
    at _next (C:\Users\ankan\Backend_Book_Store\Back_Book_Store\node_modules\@babel\runtime\helpers\asyncToGenerator.js:25:9) 
    url - /api/v1/users/login 
    method - POST 
    IP - ::1
   {"timestamp":"2022-08-04T16:17:08.147Z"}
info: Server started at http://localhost:3000/api/v1/ {"timestamp":"2022-08-04T16:18:03.234Z"}
info: Connected to the database. {"timestamp":"2022-08-04T16:18:06.879Z"}
error: 
    status - 500 
    message - TypeError: Cannot read properties of undefined (reading 'sign')
    at _callee2$ (C:\Users\ankan\Backend_Book_Store\Back_Book_Store\src\services\/user.service.js:29:30)
    at tryCatch (C:\Users\ankan\Backend_Book_Store\Back_Book_Store\node_modules\@babel\runtime\helpers\regeneratorRuntime.js:86:17)
    at Generator._invoke (C:\Users\ankan\Backend_Book_Store\Back_Book_Store\node_modules\@babel\runtime\helpers\regeneratorRuntime.js:66:24)
    at Generator.next (C:\Users\ankan\Backend_Book_Store\Back_Book_Store\node_modules\@babel\runtime\helpers\regeneratorRuntime.js:117:21)
    at asyncGeneratorStep (C:\Users\ankan\Backend_Book_Store\Back_Book_Store\node_modules\@babel\runtime\helpers\asyncToGenerator.js:3:24)
    at _next (C:\Users\ankan\Backend_Book_Store\Back_Book_Store\node_modules\@babel\runtime\helpers\asyncToGenerator.js:25:9) 
    url - /api/v1/users/login 
    method - POST 
    IP - ::1
   {"timestamp":"2022-08-04T16:18:11.492Z"}
info: Server started at http://localhost:3000/api/v1/ {"timestamp":"2022-08-04T16:18:57.351Z"}
info: Connected to the database. {"timestamp":"2022-08-04T16:19:00.873Z"}
info: Server started at http://localhost:3000/api/v1/ {"timestamp":"2022-08-04T16:19:26.532Z"}
info: Server started at http://localhost:3000/api/v1/ {"timestamp":"2022-08-04T16:19:37.321Z"}
info: Connected to the database. {"timestamp":"2022-08-04T16:19:40.087Z"}
info: Server started at http://localhost:3000/api/v1/ {"timestamp":"2022-08-04T16:19:48.590Z"}
info: Connected to the database. {"timestamp":"2022-08-04T16:19:51.201Z"}
info: Server started at http://localhost:3000/api/v1/ {"timestamp":"2022-08-04T16:20:10.269Z"}
info: Connected to the database. {"timestamp":"2022-08-04T16:20:13.065Z"}
error: 
    status - 500 
    message - Error: secretOrPrivateKey must have a value
    at Object.sign (C:\Users\ankan\Backend_Book_Store\Back_Book_Store\node_modules\jsonwebtoken\sign.js:107:20)
    at _callee2$ (C:\Users\ankan\Backend_Book_Store\Back_Book_Store\src\services\/user.service.js:29:30)
    at tryCatch (C:\Users\ankan\Backend_Book_Store\Back_Book_Store\node_modules\@babel\runtime\helpers\regeneratorRuntime.js:86:17)
    at Generator._invoke (C:\Users\ankan\Backend_Book_Store\Back_Book_Store\node_modules\@babel\runtime\helpers\regeneratorRuntime.js:66:24)
    at Generator.next (C:\Users\ankan\Backend_Book_Store\Back_Book_Store\node_modules\@babel\runtime\helpers\regeneratorRuntime.js:117:21)
    at asyncGeneratorStep (C:\Users\ankan\Backend_Book_Store\Back_Book_Store\node_modules\@babel\runtime\helpers\asyncToGenerator.js:3:24)
    at _next (C:\Users\ankan\Backend_Book_Store\Back_Book_Store\node_modules\@babel\runtime\helpers\asyncToGenerator.js:25:9) 
    url - /api/v1/users/login 
    method - POST 
    IP - ::1
   {"timestamp":"2022-08-04T16:20:18.341Z"}
info: Server started at http://localhost:3000/api/v1/ {"timestamp":"2022-08-04T16:20:50.149Z"}
info: Connected to the database. {"timestamp":"2022-08-04T16:20:53.906Z"}
