info: Server started at http://localhost:3000/api/v1/ {"timestamp":"2022-08-16T04:05:54.029Z"}
info: Connected to the database. {"timestamp":"2022-08-16T04:05:56.989Z"}
error: 
    status - 500 
    message - ValidationError: "FirstName" is required 
    url - /api/v1/users 
    method - POST 
    IP - ::1
   {"timestamp":"2022-08-16T04:08:43.191Z"}
error: 
    status - 500 
    message - ValidationError: "FirstName" is required 
    url - /api/v1/users 
    method - POST 
    IP - ::1
   {"timestamp":"2022-08-16T04:08:52.851Z"}
info: Server started at http://localhost:3000/api/v1/ {"timestamp":"2022-08-16T04:12:47.304Z"}
info: Server started at http://localhost:3000/api/v1/ {"timestamp":"2022-08-16T04:12:56.330Z"}
info: Server started at http://localhost:3000/api/v1/ {"timestamp":"2022-08-16T04:13:04.389Z"}
info: Connected to the database. {"timestamp":"2022-08-16T04:13:06.841Z"}
info: Server started at http://localhost:3000/api/v1/ {"timestamp":"2022-08-16T04:14:00.935Z"}
info: Server started at http://localhost:3000/api/v1/ {"timestamp":"2022-08-16T04:14:15.213Z"}
info: Connected to the database. {"timestamp":"2022-08-16T04:14:17.783Z"}
error: 
    status - 500 
    message - ValidationError: "mobileNumber" is not allowed 
    url - /api/v1/users 
    method - POST 
    IP - ::1
   {"timestamp":"2022-08-16T04:14:37.579Z"}
info: Server started at http://localhost:3000/api/v1/ {"timestamp":"2022-08-16T04:15:46.286Z"}
info: Connected to the database. {"timestamp":"2022-08-16T04:15:49.643Z"}
info: Server started at http://localhost:3000/api/v1/ {"timestamp":"2022-08-16T04:16:03.903Z"}
info: Server started at http://localhost:3000/api/v1/ {"timestamp":"2022-08-16T04:16:17.214Z"}
info: Connected to the database. {"timestamp":"2022-08-16T04:16:19.756Z"}
info: Server started at http://localhost:3000/api/v1/ {"timestamp":"2022-08-16T04:16:54.351Z"}
info: Server started at http://localhost:3000/api/v1/ {"timestamp":"2022-08-16T04:17:53.145Z"}
info: Connected to the database. {"timestamp":"2022-08-16T04:17:55.653Z"}
info: Server started at http://localhost:3000/api/v1/ {"timestamp":"2022-08-16T04:20:57.033Z"}
info: Connected to the database. {"timestamp":"2022-08-16T04:20:59.706Z"}
info: Server started at http://localhost:3000/api/v1/ {"timestamp":"2022-08-16T04:21:44.342Z"}
info: Connected to the database. {"timestamp":"2022-08-16T04:21:46.807Z"}
info: Server started at http://localhost:3000/api/v1/ {"timestamp":"2022-08-16T04:22:05.834Z"}
info: Connected to the database. {"timestamp":"2022-08-16T04:22:08.372Z"}
info: Server started at http://localhost:3000/api/v1/ {"timestamp":"2022-08-16T04:23:32.031Z"}
info: Connected to the database. {"timestamp":"2022-08-16T04:23:34.593Z"}
error: 
    status - 500 
    message - SyntaxError: Unexpected token A in JSON at position 107
    at JSON.parse (<anonymous>)
    at parse (C:\Users\ankan\Backend_Book_Store\Back_Book_Store\node_modules\body-parser\lib\types\json.js:89:19)
    at C:\Users\ankan\Backend_Book_Store\Back_Book_Store\node_modules\body-parser\lib\read.js:128:18
    at AsyncResource.runInAsyncScope (node:async_hooks:202:9)
    at invokeCallback (C:\Users\ankan\Backend_Book_Store\Back_Book_Store\node_modules\raw-body\index.js:231:16)
    at done (C:\Users\ankan\Backend_Book_Store\Back_Book_Store\node_modules\raw-body\index.js:220:7)
    at IncomingMessage.onEnd (C:\Users\ankan\Backend_Book_Store\Back_Book_Store\node_modules\raw-body\index.js:280:7)
    at IncomingMessage.emit (node:events:539:35)
    at IncomingMessage.emit (node:domain:475:12)
    at endReadableNT (node:internal/streams/readable:1345:12)
    at processTicksAndRejections (node:internal/process/task_queues:83:21) 
    url - /api/v1/users 
    method - POST 
    IP - ::1
   {"timestamp":"2022-08-16T04:28:45.118Z"}
info: Server started at http://localhost:3000/api/v1/ {"timestamp":"2022-08-16T04:30:20.302Z"}
info: Connected to the database. {"timestamp":"2022-08-16T04:30:22.825Z"}
info: Server started at http://localhost:3000/api/v1/ {"timestamp":"2022-08-16T04:30:34.336Z"}
info: Connected to the database. {"timestamp":"2022-08-16T04:30:36.868Z"}
error: 
    status - 500 
    message - ValidationError: "email" must be a valid email 
    url - /api/v1/users 
    method - POST 
    IP - ::1
   {"timestamp":"2022-08-16T04:51:26.973Z"}
info: Server started at http://localhost:3000/api/v1/ {"timestamp":"2022-08-16T04:57:24.826Z"}
info: Connected to the database. {"timestamp":"2022-08-16T04:57:28.211Z"}
info: Server started at http://localhost:3000/api/v1/ {"timestamp":"2022-08-16T04:58:00.971Z"}
info: Connected to the database. {"timestamp":"2022-08-16T04:58:03.515Z"}
info: Server started at http://localhost:3000/api/v1/ {"timestamp":"2022-08-16T04:58:46.740Z"}
info: Connected to the database. {"timestamp":"2022-08-16T04:58:50.512Z"}
error: 
    status - 500 
    message - ValidationError: "email" is required 
    url - /api/v1/users 
    method - POST 
    IP - ::1
   {"timestamp":"2022-08-16T05:00:16.128Z"}
info: Server started at http://localhost:3000/api/v1/ {"timestamp":"2022-08-16T05:00:59.039Z"}
info: Connected to the database. {"timestamp":"2022-08-16T05:01:01.894Z"}
info: Server started at http://localhost:3000/api/v1/ {"timestamp":"2022-08-16T09:53:38.535Z"}
info: Connected to the database. {"timestamp":"2022-08-16T09:53:41.213Z"}
error: 
    status - 500 
    message - ValidationError: "FullName" is required 
    url - /api/v1/users 
    method - POST 
    IP - ::1
   {"timestamp":"2022-08-16T10:28:04.418Z"}
error: 
    status - 500 
    message - ValidationError: "FullName" is required 
    url - /api/v1/users 
    method - POST 
    IP - ::1
   {"timestamp":"2022-08-16T10:32:51.023Z"}
