info: Server started at http://localhost:3000/api/v1/ {"timestamp":"2022-08-09T18:44:46.449Z"}
info: Connected to the database. {"timestamp":"2022-08-09T18:44:49.151Z"}
info: Server started at http://localhost:3000/api/v1/ {"timestamp":"2022-08-09T18:48:54.155Z"}
info: Connected to the database. {"timestamp":"2022-08-09T18:48:56.859Z"}
info: Server started at http://localhost:3000/api/v1/ {"timestamp":"2022-08-09T18:49:30.666Z"}
info: Server started at http://localhost:3000/api/v1/ {"timestamp":"2022-08-09T18:49:39.022Z"}
info: Connected to the database. {"timestamp":"2022-08-09T18:49:41.479Z"}
info: Server started at http://localhost:3000/api/v1/ {"timestamp":"2022-08-09T18:50:03.049Z"}
info: Connected to the database. {"timestamp":"2022-08-09T18:50:05.695Z"}
info: Server started at http://localhost:3000/api/v1/ {"timestamp":"2022-08-09T18:50:25.323Z"}
info: Server started at http://localhost:3000/api/v1/ {"timestamp":"2022-08-09T18:50:59.300Z"}
info: Connected to the database. {"timestamp":"2022-08-09T18:51:01.744Z"}
info: Server started at http://localhost:3000/api/v1/ {"timestamp":"2022-08-09T18:51:15.613Z"}
info: Connected to the database. {"timestamp":"2022-08-09T18:51:18.325Z"}
info: Server started at http://localhost:3000/api/v1/ {"timestamp":"2022-08-09T18:52:44.441Z"}
info: Connected to the database. {"timestamp":"2022-08-09T18:52:47.097Z"}
info: Server started at http://localhost:3000/api/v1/ {"timestamp":"2022-08-09T18:59:56.935Z"}
info: Server started at http://localhost:3000/api/v1/ {"timestamp":"2022-08-09T19:00:10.284Z"}
info: Connected to the database. {"timestamp":"2022-08-09T19:00:12.805Z"}
info: Server started at http://localhost:3000/api/v1/ {"timestamp":"2022-08-09T19:02:24.200Z"}
info: Connected to the database. {"timestamp":"2022-08-09T19:02:26.756Z"}
info: Server started at http://localhost:3000/api/v1/ {"timestamp":"2022-08-09T19:02:37.465Z"}
info: Server started at http://localhost:3000/api/v1/ {"timestamp":"2022-08-09T19:02:43.937Z"}
info: Server started at http://localhost:3000/api/v1/ {"timestamp":"2022-08-09T19:02:51.376Z"}
info: Connected to the database. {"timestamp":"2022-08-09T19:02:53.954Z"}
info: Server started at http://localhost:3000/api/v1/ {"timestamp":"2022-08-09T19:03:11.921Z"}
info: Connected to the database. {"timestamp":"2022-08-09T19:03:14.307Z"}
info: Server started at http://localhost:3000/api/v1/ {"timestamp":"2022-08-09T19:03:21.451Z"}
info: Connected to the database. {"timestamp":"2022-08-09T19:03:24.250Z"}
info: Server started at http://localhost:3000/api/v1/ {"timestamp":"2022-08-09T19:03:36.488Z"}
info: Connected to the database. {"timestamp":"2022-08-09T19:03:39.058Z"}
info: Server started at http://localhost:3000/api/v1/ {"timestamp":"2022-08-09T19:04:28.015Z"}
info: Connected to the database. {"timestamp":"2022-08-09T19:04:32.872Z"}
info: Server started at http://localhost:3000/api/v1/ {"timestamp":"2022-08-09T19:04:46.068Z"}
info: Connected to the database. {"timestamp":"2022-08-09T19:04:48.527Z"}
info: Server started at http://localhost:3000/api/v1/ {"timestamp":"2022-08-09T19:05:00.589Z"}
info: Server started at http://localhost:3000/api/v1/ {"timestamp":"2022-08-09T19:05:09.231Z"}
info: Server started at http://localhost:3000/api/v1/ {"timestamp":"2022-08-09T19:06:04.178Z"}
info: Connected to the database. {"timestamp":"2022-08-09T19:06:07.012Z"}
info: Server started at http://localhost:3000/api/v1/ {"timestamp":"2022-08-09T19:06:18.865Z"}
info: Connected to the database. {"timestamp":"2022-08-09T19:06:21.380Z"}
info: Server started at http://localhost:3000/api/v1/ {"timestamp":"2022-08-09T19:06:52.578Z"}
info: Connected to the database. {"timestamp":"2022-08-09T19:06:55.042Z"}
info: Server started at http://localhost:3000/api/v1/ {"timestamp":"2022-08-09T19:07:17.014Z"}
info: Connected to the database. {"timestamp":"2022-08-09T19:07:19.683Z"}
info: Server started at http://localhost:3000/api/v1/ {"timestamp":"2022-08-09T19:07:34.877Z"}
info: Connected to the database. {"timestamp":"2022-08-09T19:07:37.383Z"}
info: Server started at http://localhost:3000/api/v1/ {"timestamp":"2022-08-09T19:08:07.905Z"}
info: Connected to the database. {"timestamp":"2022-08-09T19:08:10.379Z"}
info: Server started at http://localhost:3000/api/v1/ {"timestamp":"2022-08-09T19:08:22.219Z"}
info: Connected to the database. {"timestamp":"2022-08-09T19:08:24.870Z"}
info: Server started at http://localhost:3000/api/v1/ {"timestamp":"2022-08-09T19:08:57.305Z"}
info: Connected to the database. {"timestamp":"2022-08-09T19:08:59.786Z"}
info: Server started at http://localhost:3000/api/v1/ {"timestamp":"2022-08-09T19:09:10.652Z"}
info: Server started at http://localhost:3000/api/v1/ {"timestamp":"2022-08-09T19:09:21.763Z"}
info: Connected to the database. {"timestamp":"2022-08-09T19:09:24.326Z"}
info: Server started at http://localhost:3000/api/v1/ {"timestamp":"2022-08-09T19:09:44.552Z"}
info: Connected to the database. {"timestamp":"2022-08-09T19:09:47.027Z"}
info: Server started at http://localhost:3000/api/v1/ {"timestamp":"2022-08-09T19:10:16.362Z"}
info: Server started at http://localhost:3000/api/v1/ {"timestamp":"2022-08-09T19:10:28.215Z"}
info: Server started at http://localhost:3000/api/v1/ {"timestamp":"2022-08-09T19:10:43.401Z"}
info: Connected to the database. {"timestamp":"2022-08-09T19:10:46.349Z"}
info: Server started at http://localhost:3000/api/v1/ {"timestamp":"2022-08-09T19:11:43.263Z"}
info: Connected to the database. {"timestamp":"2022-08-09T19:11:46.007Z"}
info: Server started at http://localhost:3000/api/v1/ {"timestamp":"2022-08-09T19:12:05.218Z"}
info: Server started at http://localhost:3000/api/v1/ {"timestamp":"2022-08-09T19:12:12.964Z"}
info: Connected to the database. {"timestamp":"2022-08-09T19:12:15.494Z"}
info: Server started at http://localhost:3000/api/v1/ {"timestamp":"2022-08-09T19:12:43.486Z"}
info: Server started at http://localhost:3000/api/v1/ {"timestamp":"2022-08-09T19:12:50.872Z"}
info: Connected to the database. {"timestamp":"2022-08-09T19:12:53.347Z"}
info: Server started at http://localhost:3000/api/v1/ {"timestamp":"2022-08-09T19:13:05.283Z"}
info: Connected to the database. {"timestamp":"2022-08-09T19:13:07.885Z"}
info: Server started at http://localhost:3000/api/v1/ {"timestamp":"2022-08-09T19:13:20.589Z"}
info: Server started at http://localhost:3000/api/v1/ {"timestamp":"2022-08-09T19:13:29.627Z"}
info: Connected to the database. {"timestamp":"2022-08-09T19:13:32.120Z"}
info: Server started at http://localhost:3000/api/v1/ {"timestamp":"2022-08-09T19:13:52.302Z"}
info: Connected to the database. {"timestamp":"2022-08-09T19:13:54.912Z"}
info: Server started at http://localhost:3000/api/v1/ {"timestamp":"2022-08-09T19:14:14.627Z"}
info: Connected to the database. {"timestamp":"2022-08-09T19:14:17.121Z"}
info: Server started at http://localhost:3000/api/v1/ {"timestamp":"2022-08-09T19:14:30.583Z"}
info: Connected to the database. {"timestamp":"2022-08-09T19:14:33.142Z"}
info: Server started at http://localhost:3000/api/v1/ {"timestamp":"2022-08-09T19:14:39.415Z"}
info: Connected to the database. {"timestamp":"2022-08-09T19:14:41.929Z"}
info: Server started at http://localhost:3000/api/v1/ {"timestamp":"2022-08-09T19:14:59.505Z"}
info: Connected to the database. {"timestamp":"2022-08-09T19:15:03.708Z"}
info: Server started at http://localhost:3000/api/v1/ {"timestamp":"2022-08-09T19:15:39.544Z"}
info: Connected to the database. {"timestamp":"2022-08-09T19:15:42.016Z"}
info: Server started at http://localhost:3000/api/v1/ {"timestamp":"2022-08-09T19:18:37.735Z"}
info: Connected to the database. {"timestamp":"2022-08-09T19:18:40.491Z"}
info: Server started at http://localhost:3000/api/v1/ {"timestamp":"2022-08-09T19:19:48.111Z"}
info: Connected to the database. {"timestamp":"2022-08-09T19:19:50.959Z"}
info: Server started at http://localhost:3000/api/v1/ {"timestamp":"2022-08-09T19:20:18.718Z"}
info: Connected to the database. {"timestamp":"2022-08-09T19:20:21.166Z"}
info: Server started at http://localhost:3000/api/v1/ {"timestamp":"2022-08-09T19:20:41.851Z"}
info: Server started at http://localhost:3000/api/v1/ {"timestamp":"2022-08-09T19:20:50.570Z"}
info: Connected to the database. {"timestamp":"2022-08-09T19:20:53.189Z"}
info: Server started at http://localhost:3000/api/v1/ {"timestamp":"2022-08-09T19:21:09.668Z"}
info: Connected to the database. {"timestamp":"2022-08-09T19:21:12.121Z"}
info: Server started at http://localhost:3000/api/v1/ {"timestamp":"2022-08-09T19:21:22.242Z"}
info: Connected to the database. {"timestamp":"2022-08-09T19:21:24.722Z"}
info: Server started at http://localhost:3000/api/v1/ {"timestamp":"2022-08-09T19:22:26.600Z"}
info: Connected to the database. {"timestamp":"2022-08-09T19:22:29.395Z"}
info: Server started at http://localhost:3000/api/v1/ {"timestamp":"2022-08-09T19:22:48.856Z"}
info: Connected to the database. {"timestamp":"2022-08-09T19:22:51.355Z"}
info: Server started at http://localhost:3000/api/v1/ {"timestamp":"2022-08-09T19:23:10.118Z"}
info: Connected to the database. {"timestamp":"2022-08-09T19:23:12.600Z"}
info: Server started at http://localhost:3000/api/v1/ {"timestamp":"2022-08-09T19:23:45.201Z"}
info: Connected to the database. {"timestamp":"2022-08-09T19:23:48.495Z"}
info: Server started at http://localhost:3000/api/v1/ {"timestamp":"2022-08-09T19:24:45.094Z"}
info: Server started at http://localhost:3000/api/v1/ {"timestamp":"2022-08-09T19:24:55.680Z"}
info: Connected to the database. {"timestamp":"2022-08-09T19:24:58.157Z"}
info: Server started at http://localhost:3000/api/v1/ {"timestamp":"2022-08-09T19:25:09.285Z"}
info: Server started at http://localhost:3000/api/v1/ {"timestamp":"2022-08-09T19:25:19.979Z"}
info: Connected to the database. {"timestamp":"2022-08-09T19:25:22.568Z"}
info: Server started at http://localhost:3000/api/v1/ {"timestamp":"2022-08-09T19:27:54.749Z"}
info: Connected to the database. {"timestamp":"2022-08-09T19:27:57.520Z"}
error: 
      status - 400
      message - Authorization token is required 
      url - /api/v1/wishlist/6215178d05253301a4fda5c4 
      method - POST 
      IP - ::1
     {"timestamp":"2022-08-09T19:29:11.051Z"}
info: Server started at http://localhost:3000/api/v1/ {"timestamp":"2022-08-09T19:31:34.236Z"}
info: Connected to the database. {"timestamp":"2022-08-09T19:31:36.919Z"}
info: Server started at http://localhost:3000/api/v1/ {"timestamp":"2022-08-09T19:37:08.488Z"}
info: Connected to the database. {"timestamp":"2022-08-09T19:37:11.074Z"}
info: Server started at http://localhost:3000/api/v1/ {"timestamp":"2022-08-09T19:37:30.926Z"}
info: Connected to the database. {"timestamp":"2022-08-09T19:37:33.402Z"}
info: Server started at http://localhost:3000/api/v1/ {"timestamp":"2022-08-09T19:37:57.919Z"}
info: Server started at http://localhost:3000/api/v1/ {"timestamp":"2022-08-09T19:38:06.148Z"}
info: Connected to the database. {"timestamp":"2022-08-09T19:38:08.651Z"}
info: Server started at http://localhost:3000/api/v1/ {"timestamp":"2022-08-09T19:38:37.548Z"}
info: Connected to the database. {"timestamp":"2022-08-09T19:38:40.011Z"}
info: Server started at http://localhost:3000/api/v1/ {"timestamp":"2022-08-09T19:39:10.480Z"}
info: Connected to the database. {"timestamp":"2022-08-09T19:39:12.930Z"}
info: Server started at http://localhost:3000/api/v1/ {"timestamp":"2022-08-09T19:39:21.498Z"}
info: Server started at http://localhost:3000/api/v1/ {"timestamp":"2022-08-09T19:39:29.113Z"}
info: Connected to the database. {"timestamp":"2022-08-09T19:39:31.680Z"}
info: Server started at http://localhost:3000/api/v1/ {"timestamp":"2022-08-09T19:39:50.255Z"}
info: Connected to the database. {"timestamp":"2022-08-09T19:39:52.765Z"}
info: Server started at http://localhost:3000/api/v1/ {"timestamp":"2022-08-09T19:40:34.077Z"}
info: Connected to the database. {"timestamp":"2022-08-09T19:40:36.698Z"}
error: 
      status - 400
      message - Authorization token is required 
      url - /api/v1/wishlist/6215178d05253301a4fda5c4 
      method - PUT 
      IP - ::1
     {"timestamp":"2022-08-09T19:41:59.542Z"}
info: Server started at http://localhost:3000/api/v1/ {"timestamp":"2022-08-09T19:48:58.514Z"}
info: Connected to the database. {"timestamp":"2022-08-09T19:49:01.405Z"}
info: Server started at http://localhost:3000/api/v1/ {"timestamp":"2022-08-09T19:49:21.630Z"}
info: Connected to the database. {"timestamp":"2022-08-09T19:49:24.130Z"}
info: Server started at http://localhost:3000/api/v1/ {"timestamp":"2022-08-09T19:49:44.172Z"}
info: Connected to the database. {"timestamp":"2022-08-09T19:49:46.677Z"}
info: Server started at http://localhost:3000/api/v1/ {"timestamp":"2022-08-09T19:50:11.371Z"}
info: Connected to the database. {"timestamp":"2022-08-09T19:50:14.098Z"}
info: Server started at http://localhost:3000/api/v1/ {"timestamp":"2022-08-09T19:51:01.186Z"}
info: Connected to the database. {"timestamp":"2022-08-09T19:51:03.605Z"}
info: Server started at http://localhost:3000/api/v1/ {"timestamp":"2022-08-09T19:51:17.202Z"}
info: Server started at http://localhost:3000/api/v1/ {"timestamp":"2022-08-09T19:51:35.286Z"}
info: Server started at http://localhost:3000/api/v1/ {"timestamp":"2022-08-09T19:51:42.540Z"}
info: Connected to the database. {"timestamp":"2022-08-09T19:51:45.028Z"}
info: Server started at http://localhost:3000/api/v1/ {"timestamp":"2022-08-09T19:54:51.737Z"}
info: Connected to the database. {"timestamp":"2022-08-09T19:54:54.411Z"}
info: Server started at http://localhost:3000/api/v1/ {"timestamp":"2022-08-09T19:55:46.942Z"}
info: Connected to the database. {"timestamp":"2022-08-09T19:55:49.373Z"}
info: Server started at http://localhost:3000/api/v1/ {"timestamp":"2022-08-09T19:57:10.125Z"}
info: Connected to the database. {"timestamp":"2022-08-09T19:57:12.685Z"}
info: Server started at http://localhost:3000/api/v1/ {"timestamp":"2022-08-09T20:32:17.261Z"}
info: Connected to the database. {"timestamp":"2022-08-09T20:32:19.871Z"}
info: Server started at http://localhost:3000/api/v1/ {"timestamp":"2022-08-09T20:33:39.330Z"}
info: Connected to the database. {"timestamp":"2022-08-09T20:33:41.848Z"}
info: Server started at http://localhost:3000/api/v1/ {"timestamp":"2022-08-09T20:34:13.832Z"}
info: Connected to the database. {"timestamp":"2022-08-09T20:34:16.380Z"}
info: Server started at http://localhost:3000/api/v1/ {"timestamp":"2022-08-09T20:34:55.612Z"}
info: Connected to the database. {"timestamp":"2022-08-09T20:34:58.165Z"}
info: Server started at http://localhost:3000/api/v1/ {"timestamp":"2022-08-09T20:39:29.358Z"}
info: Connected to the database. {"timestamp":"2022-08-09T20:39:31.808Z"}
info: Server started at http://localhost:3000/api/v1/ {"timestamp":"2022-08-09T20:40:18.567Z"}
info: Connected to the database. {"timestamp":"2022-08-09T20:40:20.961Z"}
info: Server started at http://localhost:3000/api/v1/ {"timestamp":"2022-08-09T20:40:34.457Z"}
info: Connected to the database. {"timestamp":"2022-08-09T20:40:37.811Z"}
info: Server started at http://localhost:3000/api/v1/ {"timestamp":"2022-08-09T20:41:04.914Z"}
info: Connected to the database. {"timestamp":"2022-08-09T20:41:07.453Z"}
info: Server started at http://localhost:3000/api/v1/ {"timestamp":"2022-08-09T20:42:02.185Z"}
info: Connected to the database. {"timestamp":"2022-08-09T20:42:04.731Z"}
info: Server started at http://localhost:3000/api/v1/ {"timestamp":"2022-08-09T20:43:05.678Z"}
info: Connected to the database. {"timestamp":"2022-08-09T20:43:08.220Z"}
info: Server started at http://localhost:3000/api/v1/ {"timestamp":"2022-08-09T20:44:46.911Z"}
info: Connected to the database. {"timestamp":"2022-08-09T20:44:49.431Z"}
info: Server started at http://localhost:3000/api/v1/ {"timestamp":"2022-08-09T20:45:15.297Z"}
info: Connected to the database. {"timestamp":"2022-08-09T20:45:17.814Z"}
info: Server started at http://localhost:3000/api/v1/ {"timestamp":"2022-08-09T20:45:26.626Z"}
info: Server started at http://localhost:3000/api/v1/ {"timestamp":"2022-08-09T20:45:35.495Z"}
info: Connected to the database. {"timestamp":"2022-08-09T20:45:38.000Z"}
info: Server started at http://localhost:3000/api/v1/ {"timestamp":"2022-08-09T20:46:22.619Z"}
info: Connected to the database. {"timestamp":"2022-08-09T20:46:25.154Z"}
info: Server started at http://localhost:3000/api/v1/ {"timestamp":"2022-08-09T20:48:20.267Z"}
info: Connected to the database. {"timestamp":"2022-08-09T20:48:23.053Z"}
info: Server started at http://localhost:3000/api/v1/ {"timestamp":"2022-08-09T20:50:29.191Z"}
info: Connected to the database. {"timestamp":"2022-08-09T20:50:32.842Z"}
info: Server started at http://localhost:3000/api/v1/ {"timestamp":"2022-08-10T02:41:42.954Z"}
info: Connected to the database. {"timestamp":"2022-08-10T02:41:46.131Z"}
info: Server started at http://localhost:3000/api/v1/ {"timestamp":"2022-08-10T17:53:12.493Z"}
info: Connected to the database. {"timestamp":"2022-08-10T17:53:15.840Z"}
info: Server started at http://localhost:3000/api/v1/ {"timestamp":"2022-08-10T17:56:12.344Z"}
info: Connected to the database. {"timestamp":"2022-08-10T17:56:14.913Z"}
info: Server started at http://localhost:3000/api/v1/ {"timestamp":"2022-08-10T17:56:40.750Z"}
info: Connected to the database. {"timestamp":"2022-08-10T17:56:43.252Z"}
info: Server started at http://localhost:3000/api/v1/ {"timestamp":"2022-08-10T17:58:36.780Z"}
info: Connected to the database. {"timestamp":"2022-08-10T17:58:40.407Z"}
info: Server started at http://localhost:3000/api/v1/ {"timestamp":"2022-08-10T17:59:59.814Z"}
info: Connected to the database. {"timestamp":"2022-08-10T18:00:02.440Z"}
info: Server started at http://localhost:3000/api/v1/ {"timestamp":"2022-08-10T18:00:39.456Z"}
info: Connected to the database. {"timestamp":"2022-08-10T18:00:42.033Z"}
info: Server started at http://localhost:3000/api/v1/ {"timestamp":"2022-08-10T18:00:48.277Z"}
info: Connected to the database. {"timestamp":"2022-08-10T18:00:50.823Z"}
info: Server started at http://localhost:3000/api/v1/ {"timestamp":"2022-08-10T18:01:09.246Z"}
info: Connected to the database. {"timestamp":"2022-08-10T18:01:12.257Z"}
info: Server started at http://localhost:3000/api/v1/ {"timestamp":"2022-08-10T18:01:38.344Z"}
info: Connected to the database. {"timestamp":"2022-08-10T18:01:40.901Z"}
info: Server started at http://localhost:3000/api/v1/ {"timestamp":"2022-08-10T18:02:01.493Z"}
info: Connected to the database. {"timestamp":"2022-08-10T18:02:04.101Z"}
info: Server started at http://localhost:3000/api/v1/ {"timestamp":"2022-08-10T18:03:25.205Z"}
info: Server started at http://localhost:3000/api/v1/ {"timestamp":"2022-08-10T18:03:32.333Z"}
info: Connected to the database. {"timestamp":"2022-08-10T18:03:34.944Z"}
info: Server started at http://localhost:3000/api/v1/ {"timestamp":"2022-08-10T18:03:47.617Z"}
info: Server started at http://localhost:3000/api/v1/ {"timestamp":"2022-08-10T18:04:13.704Z"}
info: Connected to the database. {"timestamp":"2022-08-10T18:04:16.310Z"}
info: Server started at http://localhost:3000/api/v1/ {"timestamp":"2022-08-10T18:04:27.553Z"}
info: Connected to the database. {"timestamp":"2022-08-10T18:04:31.217Z"}
info: Server started at http://localhost:3000/api/v1/ {"timestamp":"2022-08-10T18:05:17.285Z"}
info: Connected to the database. {"timestamp":"2022-08-10T18:05:20.132Z"}
info: Server started at http://localhost:3000/api/v1/ {"timestamp":"2022-08-10T18:05:35.600Z"}
info: Connected to the database. {"timestamp":"2022-08-10T18:05:38.222Z"}
info: Server started at http://localhost:3000/api/v1/ {"timestamp":"2022-08-10T18:05:59.082Z"}
info: Connected to the database. {"timestamp":"2022-08-10T18:06:01.615Z"}
info: Server started at http://localhost:3000/api/v1/ {"timestamp":"2022-08-10T18:06:34.127Z"}
info: Connected to the database. {"timestamp":"2022-08-10T18:06:36.773Z"}
info: Server started at http://localhost:3000/api/v1/ {"timestamp":"2022-08-10T18:06:47.710Z"}
info: Connected to the database. {"timestamp":"2022-08-10T18:06:50.209Z"}
info: Server started at http://localhost:3000/api/v1/ {"timestamp":"2022-08-10T18:06:58.232Z"}
info: Connected to the database. {"timestamp":"2022-08-10T18:07:00.865Z"}
info: Server started at http://localhost:3000/api/v1/ {"timestamp":"2022-08-10T18:07:33.048Z"}
info: Server started at http://localhost:3000/api/v1/ {"timestamp":"2022-08-10T18:07:58.795Z"}
info: Connected to the database. {"timestamp":"2022-08-10T18:08:01.326Z"}
info: Server started at http://localhost:3000/api/v1/ {"timestamp":"2022-08-10T18:08:16.030Z"}
info: Connected to the database. {"timestamp":"2022-08-10T18:08:18.549Z"}
info: Server started at http://localhost:3000/api/v1/ {"timestamp":"2022-08-10T18:08:32.920Z"}
info: Connected to the database. {"timestamp":"2022-08-10T18:08:35.493Z"}
info: Server started at http://localhost:3000/api/v1/ {"timestamp":"2022-08-10T18:09:09.147Z"}
info: Connected to the database. {"timestamp":"2022-08-10T18:09:11.730Z"}
info: Server started at http://localhost:3000/api/v1/ {"timestamp":"2022-08-10T18:09:30.810Z"}
info: Connected to the database. {"timestamp":"2022-08-10T18:09:33.369Z"}
info: Server started at http://localhost:3000/api/v1/ {"timestamp":"2022-08-10T18:09:50.103Z"}
info: Connected to the database. {"timestamp":"2022-08-10T18:09:52.682Z"}
info: Server started at http://localhost:3000/api/v1/ {"timestamp":"2022-08-10T18:10:00.664Z"}
info: Server started at http://localhost:3000/api/v1/ {"timestamp":"2022-08-10T18:10:07.893Z"}
info: Connected to the database. {"timestamp":"2022-08-10T18:10:10.435Z"}
info: Server started at http://localhost:3000/api/v1/ {"timestamp":"2022-08-10T18:10:43.777Z"}
info: Connected to the database. {"timestamp":"2022-08-10T18:10:46.322Z"}
info: Server started at http://localhost:3000/api/v1/ {"timestamp":"2022-08-10T18:11:10.132Z"}
info: Connected to the database. {"timestamp":"2022-08-10T18:11:12.585Z"}
info: Server started at http://localhost:3000/api/v1/ {"timestamp":"2022-08-10T18:11:23.246Z"}
info: Connected to the database. {"timestamp":"2022-08-10T18:11:26.556Z"}
info: Server started at http://localhost:3000/api/v1/ {"timestamp":"2022-08-10T18:11:42.549Z"}
info: Connected to the database. {"timestamp":"2022-08-10T18:11:45.804Z"}
info: Server started at http://localhost:3000/api/v1/ {"timestamp":"2022-08-10T18:12:57.730Z"}
info: Connected to the database. {"timestamp":"2022-08-10T18:13:00.342Z"}
info: Server started at http://localhost:3000/api/v1/ {"timestamp":"2022-08-10T18:13:21.303Z"}
info: Server started at http://localhost:3000/api/v1/ {"timestamp":"2022-08-10T18:13:35.083Z"}
info: Connected to the database. {"timestamp":"2022-08-10T18:13:37.570Z"}
info: Server started at http://localhost:3000/api/v1/ {"timestamp":"2022-08-10T18:14:53.620Z"}
info: Server started at http://localhost:3000/api/v1/ {"timestamp":"2022-08-10T18:15:13.588Z"}
info: Connected to the database. {"timestamp":"2022-08-10T18:15:16.138Z"}
info: Server started at http://localhost:3000/api/v1/ {"timestamp":"2022-08-10T18:15:34.946Z"}
info: Server started at http://localhost:3000/api/v1/ {"timestamp":"2022-08-10T18:15:43.942Z"}
info: Connected to the database. {"timestamp":"2022-08-10T18:15:46.488Z"}
info: Server started at http://localhost:3000/api/v1/ {"timestamp":"2022-08-10T18:15:56.670Z"}
info: Server started at http://localhost:3000/api/v1/ {"timestamp":"2022-08-10T18:16:04.078Z"}
info: Connected to the database. {"timestamp":"2022-08-10T18:16:06.816Z"}
info: Server started at http://localhost:3000/api/v1/ {"timestamp":"2022-08-10T18:16:21.531Z"}
info: Server started at http://localhost:3000/api/v1/ {"timestamp":"2022-08-10T18:16:32.537Z"}
info: Server started at http://localhost:3000/api/v1/ {"timestamp":"2022-08-10T18:16:45.443Z"}
info: Connected to the database. {"timestamp":"2022-08-10T18:16:47.952Z"}
info: Server started at http://localhost:3000/api/v1/ {"timestamp":"2022-08-10T18:17:00.359Z"}
info: Connected to the database. {"timestamp":"2022-08-10T18:17:03.037Z"}
info: Server started at http://localhost:3000/api/v1/ {"timestamp":"2022-08-10T18:17:38.437Z"}
info: Connected to the database. {"timestamp":"2022-08-10T18:17:41.286Z"}
info: Server started at http://localhost:3000/api/v1/ {"timestamp":"2022-08-10T18:17:53.350Z"}
info: Connected to the database. {"timestamp":"2022-08-10T18:17:55.820Z"}
info: Server started at http://localhost:3000/api/v1/ {"timestamp":"2022-08-10T18:18:15.440Z"}
info: Server started at http://localhost:3000/api/v1/ {"timestamp":"2022-08-10T18:18:23.181Z"}
info: Connected to the database. {"timestamp":"2022-08-10T18:18:25.703Z"}
info: Server started at http://localhost:3000/api/v1/ {"timestamp":"2022-08-10T18:18:49.990Z"}
info: Connected to the database. {"timestamp":"2022-08-10T18:18:57.764Z"}
info: Server started at http://localhost:3000/api/v1/ {"timestamp":"2022-08-10T18:19:31.970Z"}
info: Connected to the database. {"timestamp":"2022-08-10T18:19:34.519Z"}
info: Server started at http://localhost:3000/api/v1/ {"timestamp":"2022-08-10T18:19:55.147Z"}
info: Connected to the database. {"timestamp":"2022-08-10T18:19:57.624Z"}
info: Server started at http://localhost:3000/api/v1/ {"timestamp":"2022-08-10T18:20:06.515Z"}
info: Server started at http://localhost:3000/api/v1/ {"timestamp":"2022-08-10T18:20:44.185Z"}
info: Connected to the database. {"timestamp":"2022-08-10T18:20:46.804Z"}
info: Server started at http://localhost:3000/api/v1/ {"timestamp":"2022-08-10T18:21:28.474Z"}
info: Connected to the database. {"timestamp":"2022-08-10T18:21:31.191Z"}
info: Server started at http://localhost:3000/api/v1/ {"timestamp":"2022-08-10T18:21:48.088Z"}
info: Connected to the database. {"timestamp":"2022-08-10T18:21:50.608Z"}
info: Server started at http://localhost:3000/api/v1/ {"timestamp":"2022-08-10T18:23:38.050Z"}
info: Connected to the database. {"timestamp":"2022-08-10T18:23:41.547Z"}
info: Server started at http://localhost:3000/api/v1/ {"timestamp":"2022-08-10T18:26:09.954Z"}
info: Connected to the database. {"timestamp":"2022-08-10T18:26:12.753Z"}
info: Server started at http://localhost:3000/api/v1/ {"timestamp":"2022-08-10T18:26:29.889Z"}
info: Connected to the database. {"timestamp":"2022-08-10T18:26:32.449Z"}
info: Server started at http://localhost:3000/api/v1/ {"timestamp":"2022-08-10T18:27:50.260Z"}
info: Server started at http://localhost:3000/api/v1/ {"timestamp":"2022-08-10T18:28:03.451Z"}
info: Connected to the database. {"timestamp":"2022-08-10T18:28:06.025Z"}
