info: Server started at http://localhost:3000/api/v1/ {"timestamp":"2022-08-18T18:43:41.353Z"}
info: Connected to the database. {"timestamp":"2022-08-18T18:43:44.145Z"}
error: 
      status - 400
      message - Authorization token is required 
      url - /api/v1/cart/621589b605253301a4fda5d8 
      method - POST 
      IP - ::1
     {"timestamp":"2022-08-18T18:44:56.703Z"}
error: 
      status - 400
      message - Authorization token is required 
      url - /api/v1/cart/621589b605253301a4fda5d8 
      method - POST 
      IP - ::1
     {"timestamp":"2022-08-18T18:50:05.797Z"}
error: 
    status - 500 
    message - JsonWebTokenError: jwt malformed
    at Object.verify (C:\Users\ankan\Backend_Book_Store\Back_Book_Store\node_modules\jsonwebtoken\verify.js:63:17)
    at _callee$ (C:\Users\ankan\Backend_Book_Store\Back_Book_Store\src\middlewares\/auth.middleware.js:22:28)
    at tryCatch (C:\Users\ankan\Backend_Book_Store\Back_Book_Store\node_modules\@babel\runtime\helpers\regeneratorRuntime.js:86:17)
    at Generator._invoke (C:\Users\ankan\Backend_Book_Store\Back_Book_Store\node_modules\@babel\runtime\helpers\regeneratorRuntime.js:66:24)
    at Generator.next (C:\Users\ankan\Backend_Book_Store\Back_Book_Store\node_modules\@babel\runtime\helpers\regeneratorRuntime.js:117:21)
    at asyncGeneratorStep (C:\Users\ankan\Backend_Book_Store\Back_Book_Store\node_modules\@babel\runtime\helpers\asyncToGenerator.js:3:24)
    at _next (C:\Users\ankan\Backend_Book_Store\Back_Book_Store\node_modules\@babel\runtime\helpers\asyncToGenerator.js:25:9)
    at C:\Users\ankan\Backend_Book_Store\Back_Book_Store\node_modules\@babel\runtime\helpers\asyncToGenerator.js:32:7
    at new Promise (<anonymous>)
    at C:\Users\ankan\Backend_Book_Store\Back_Book_Store\node_modules\@babel\runtime\helpers\asyncToGenerator.js:21:12
    at userAuth (C:\Users\ankan\Backend_Book_Store\Back_Book_Store\src\middlewares\/auth.middleware.js:12:22)
    at Layer.handle [as handle_request] (C:\Users\ankan\Backend_Book_Store\Back_Book_Store\node_modules\express\lib\router\layer.js:95:5)
    at next (C:\Users\ankan\Backend_Book_Store\Back_Book_Store\node_modules\express\lib\router\route.js:144:13)
    at Route.dispatch (C:\Users\ankan\Backend_Book_Store\Back_Book_Store\node_modules\express\lib\router\route.js:114:3)
    at Layer.handle [as handle_request] (C:\Users\ankan\Backend_Book_Store\Back_Book_Store\node_modules\express\lib\router\layer.js:95:5)
    at C:\Users\ankan\Backend_Book_Store\Back_Book_Store\node_modules\express\lib\router\index.js:284:15 
    url - /api/v1/book 
    method - GET 
    IP - ::1
   {"timestamp":"2022-08-18T18:52:07.115Z"}
error: 
    status - 500 
    message - JsonWebTokenError: jwt malformed
    at Object.verify (C:\Users\ankan\Backend_Book_Store\Back_Book_Store\node_modules\jsonwebtoken\verify.js:63:17)
    at _callee$ (C:\Users\ankan\Backend_Book_Store\Back_Book_Store\src\middlewares\/auth.middleware.js:22:28)
    at tryCatch (C:\Users\ankan\Backend_Book_Store\Back_Book_Store\node_modules\@babel\runtime\helpers\regeneratorRuntime.js:86:17)
    at Generator._invoke (C:\Users\ankan\Backend_Book_Store\Back_Book_Store\node_modules\@babel\runtime\helpers\regeneratorRuntime.js:66:24)
    at Generator.next (C:\Users\ankan\Backend_Book_Store\Back_Book_Store\node_modules\@babel\runtime\helpers\regeneratorRuntime.js:117:21)
    at asyncGeneratorStep (C:\Users\ankan\Backend_Book_Store\Back_Book_Store\node_modules\@babel\runtime\helpers\asyncToGenerator.js:3:24)
    at _next (C:\Users\ankan\Backend_Book_Store\Back_Book_Store\node_modules\@babel\runtime\helpers\asyncToGenerator.js:25:9)
    at C:\Users\ankan\Backend_Book_Store\Back_Book_Store\node_modules\@babel\runtime\helpers\asyncToGenerator.js:32:7
    at new Promise (<anonymous>)
    at C:\Users\ankan\Backend_Book_Store\Back_Book_Store\node_modules\@babel\runtime\helpers\asyncToGenerator.js:21:12
    at userAuth (C:\Users\ankan\Backend_Book_Store\Back_Book_Store\src\middlewares\/auth.middleware.js:12:22)
    at Layer.handle [as handle_request] (C:\Users\ankan\Backend_Book_Store\Back_Book_Store\node_modules\express\lib\router\layer.js:95:5)
    at next (C:\Users\ankan\Backend_Book_Store\Back_Book_Store\node_modules\express\lib\router\route.js:144:13)
    at Route.dispatch (C:\Users\ankan\Backend_Book_Store\Back_Book_Store\node_modules\express\lib\router\route.js:114:3)
    at Layer.handle [as handle_request] (C:\Users\ankan\Backend_Book_Store\Back_Book_Store\node_modules\express\lib\router\layer.js:95:5)
    at C:\Users\ankan\Backend_Book_Store\Back_Book_Store\node_modules\express\lib\router\index.js:284:15 
    url - /api/v1/book 
    method - GET 
    IP - ::1
   {"timestamp":"2022-08-18T18:53:05.843Z"}
error: 
      status - 400
      message - Authorization token is required 
      url - /api/v1/cart/621589b605253301a4fda5d8 
      method - POST 
      IP - ::1
     {"timestamp":"2022-08-18T18:54:10.579Z"}
error: 
      status - 400
      message - Authorization token is required 
      url - /api/v1/cart/621589b605253301a4fda5d8 
      method - POST 
      IP - ::1
     {"timestamp":"2022-08-18T18:56:25.475Z"}
error: 
      status - 400
      message - Authorization token is required 
      url - /api/v1/cart/621589b605253301a4fda5d8 
      method - POST 
      IP - ::1
     {"timestamp":"2022-08-18T18:57:50.213Z"}
error: 
      status - 400
      message - Authorization token is required 
      url - /api/v1/cart/621589b605253301a4fda5d8 
      method - POST 
      IP - ::1
     {"timestamp":"2022-08-18T18:58:27.029Z"}
error: 
    status - 500 
    message - JsonWebTokenError: jwt malformed
    at Object.verify (C:\Users\ankan\Backend_Book_Store\Back_Book_Store\node_modules\jsonwebtoken\verify.js:63:17)
    at _callee$ (C:\Users\ankan\Backend_Book_Store\Back_Book_Store\src\middlewares\/auth.middleware.js:22:28)
    at tryCatch (C:\Users\ankan\Backend_Book_Store\Back_Book_Store\node_modules\@babel\runtime\helpers\regeneratorRuntime.js:86:17)
    at Generator._invoke (C:\Users\ankan\Backend_Book_Store\Back_Book_Store\node_modules\@babel\runtime\helpers\regeneratorRuntime.js:66:24)
    at Generator.next (C:\Users\ankan\Backend_Book_Store\Back_Book_Store\node_modules\@babel\runtime\helpers\regeneratorRuntime.js:117:21)
    at asyncGeneratorStep (C:\Users\ankan\Backend_Book_Store\Back_Book_Store\node_modules\@babel\runtime\helpers\asyncToGenerator.js:3:24)
    at _next (C:\Users\ankan\Backend_Book_Store\Back_Book_Store\node_modules\@babel\runtime\helpers\asyncToGenerator.js:25:9)
    at C:\Users\ankan\Backend_Book_Store\Back_Book_Store\node_modules\@babel\runtime\helpers\asyncToGenerator.js:32:7
    at new Promise (<anonymous>)
    at C:\Users\ankan\Backend_Book_Store\Back_Book_Store\node_modules\@babel\runtime\helpers\asyncToGenerator.js:21:12
    at userAuth (C:\Users\ankan\Backend_Book_Store\Back_Book_Store\src\middlewares\/auth.middleware.js:12:22)
    at Layer.handle [as handle_request] (C:\Users\ankan\Backend_Book_Store\Back_Book_Store\node_modules\express\lib\router\layer.js:95:5)
    at next (C:\Users\ankan\Backend_Book_Store\Back_Book_Store\node_modules\express\lib\router\route.js:144:13)
    at Route.dispatch (C:\Users\ankan\Backend_Book_Store\Back_Book_Store\node_modules\express\lib\router\route.js:114:3)
    at Layer.handle [as handle_request] (C:\Users\ankan\Backend_Book_Store\Back_Book_Store\node_modules\express\lib\router\layer.js:95:5)
    at C:\Users\ankan\Backend_Book_Store\Back_Book_Store\node_modules\express\lib\router\index.js:284:15 
    url - /api/v1/book 
    method - GET 
    IP - ::1
   {"timestamp":"2022-08-18T19:05:13.627Z"}
error: 
    status - 500 
    message - JsonWebTokenError: jwt malformed
    at Object.verify (C:\Users\ankan\Backend_Book_Store\Back_Book_Store\node_modules\jsonwebtoken\verify.js:63:17)
    at _callee$ (C:\Users\ankan\Backend_Book_Store\Back_Book_Store\src\middlewares\/auth.middleware.js:22:28)
    at tryCatch (C:\Users\ankan\Backend_Book_Store\Back_Book_Store\node_modules\@babel\runtime\helpers\regeneratorRuntime.js:86:17)
    at Generator._invoke (C:\Users\ankan\Backend_Book_Store\Back_Book_Store\node_modules\@babel\runtime\helpers\regeneratorRuntime.js:66:24)
    at Generator.next (C:\Users\ankan\Backend_Book_Store\Back_Book_Store\node_modules\@babel\runtime\helpers\regeneratorRuntime.js:117:21)
    at asyncGeneratorStep (C:\Users\ankan\Backend_Book_Store\Back_Book_Store\node_modules\@babel\runtime\helpers\asyncToGenerator.js:3:24)
    at _next (C:\Users\ankan\Backend_Book_Store\Back_Book_Store\node_modules\@babel\runtime\helpers\asyncToGenerator.js:25:9)
    at C:\Users\ankan\Backend_Book_Store\Back_Book_Store\node_modules\@babel\runtime\helpers\asyncToGenerator.js:32:7
    at new Promise (<anonymous>)
    at C:\Users\ankan\Backend_Book_Store\Back_Book_Store\node_modules\@babel\runtime\helpers\asyncToGenerator.js:21:12
    at userAuth (C:\Users\ankan\Backend_Book_Store\Back_Book_Store\src\middlewares\/auth.middleware.js:12:22)
    at Layer.handle [as handle_request] (C:\Users\ankan\Backend_Book_Store\Back_Book_Store\node_modules\express\lib\router\layer.js:95:5)
    at next (C:\Users\ankan\Backend_Book_Store\Back_Book_Store\node_modules\express\lib\router\route.js:144:13)
    at Route.dispatch (C:\Users\ankan\Backend_Book_Store\Back_Book_Store\node_modules\express\lib\router\route.js:114:3)
    at Layer.handle [as handle_request] (C:\Users\ankan\Backend_Book_Store\Back_Book_Store\node_modules\express\lib\router\layer.js:95:5)
    at C:\Users\ankan\Backend_Book_Store\Back_Book_Store\node_modules\express\lib\router\index.js:284:15 
    url - /api/v1/book 
    method - GET 
    IP - ::1
   {"timestamp":"2022-08-18T19:05:29.914Z"}
error: 
    status - 500 
    message - JsonWebTokenError: jwt malformed
    at Object.verify (C:\Users\ankan\Backend_Book_Store\Back_Book_Store\node_modules\jsonwebtoken\verify.js:63:17)
    at _callee$ (C:\Users\ankan\Backend_Book_Store\Back_Book_Store\src\middlewares\/auth.middleware.js:22:28)
    at tryCatch (C:\Users\ankan\Backend_Book_Store\Back_Book_Store\node_modules\@babel\runtime\helpers\regeneratorRuntime.js:86:17)
    at Generator._invoke (C:\Users\ankan\Backend_Book_Store\Back_Book_Store\node_modules\@babel\runtime\helpers\regeneratorRuntime.js:66:24)
    at Generator.next (C:\Users\ankan\Backend_Book_Store\Back_Book_Store\node_modules\@babel\runtime\helpers\regeneratorRuntime.js:117:21)
    at asyncGeneratorStep (C:\Users\ankan\Backend_Book_Store\Back_Book_Store\node_modules\@babel\runtime\helpers\asyncToGenerator.js:3:24)
    at _next (C:\Users\ankan\Backend_Book_Store\Back_Book_Store\node_modules\@babel\runtime\helpers\asyncToGenerator.js:25:9)
    at C:\Users\ankan\Backend_Book_Store\Back_Book_Store\node_modules\@babel\runtime\helpers\asyncToGenerator.js:32:7
    at new Promise (<anonymous>)
    at C:\Users\ankan\Backend_Book_Store\Back_Book_Store\node_modules\@babel\runtime\helpers\asyncToGenerator.js:21:12
    at userAuth (C:\Users\ankan\Backend_Book_Store\Back_Book_Store\src\middlewares\/auth.middleware.js:12:22)
    at Layer.handle [as handle_request] (C:\Users\ankan\Backend_Book_Store\Back_Book_Store\node_modules\express\lib\router\layer.js:95:5)
    at next (C:\Users\ankan\Backend_Book_Store\Back_Book_Store\node_modules\express\lib\router\route.js:144:13)
    at Route.dispatch (C:\Users\ankan\Backend_Book_Store\Back_Book_Store\node_modules\express\lib\router\route.js:114:3)
    at Layer.handle [as handle_request] (C:\Users\ankan\Backend_Book_Store\Back_Book_Store\node_modules\express\lib\router\layer.js:95:5)
    at C:\Users\ankan\Backend_Book_Store\Back_Book_Store\node_modules\express\lib\router\index.js:284:15 
    url - /api/v1/book 
    method - GET 
    IP - ::1
   {"timestamp":"2022-08-18T19:05:39.278Z"}
error: 
    status - 500 
    message - JsonWebTokenError: jwt malformed
    at Object.verify (C:\Users\ankan\Backend_Book_Store\Back_Book_Store\node_modules\jsonwebtoken\verify.js:63:17)
    at _callee$ (C:\Users\ankan\Backend_Book_Store\Back_Book_Store\src\middlewares\/auth.middleware.js:22:28)
    at tryCatch (C:\Users\ankan\Backend_Book_Store\Back_Book_Store\node_modules\@babel\runtime\helpers\regeneratorRuntime.js:86:17)
    at Generator._invoke (C:\Users\ankan\Backend_Book_Store\Back_Book_Store\node_modules\@babel\runtime\helpers\regeneratorRuntime.js:66:24)
    at Generator.next (C:\Users\ankan\Backend_Book_Store\Back_Book_Store\node_modules\@babel\runtime\helpers\regeneratorRuntime.js:117:21)
    at asyncGeneratorStep (C:\Users\ankan\Backend_Book_Store\Back_Book_Store\node_modules\@babel\runtime\helpers\asyncToGenerator.js:3:24)
    at _next (C:\Users\ankan\Backend_Book_Store\Back_Book_Store\node_modules\@babel\runtime\helpers\asyncToGenerator.js:25:9)
    at C:\Users\ankan\Backend_Book_Store\Back_Book_Store\node_modules\@babel\runtime\helpers\asyncToGenerator.js:32:7
    at new Promise (<anonymous>)
    at C:\Users\ankan\Backend_Book_Store\Back_Book_Store\node_modules\@babel\runtime\helpers\asyncToGenerator.js:21:12
    at userAuth (C:\Users\ankan\Backend_Book_Store\Back_Book_Store\src\middlewares\/auth.middleware.js:12:22)
    at Layer.handle [as handle_request] (C:\Users\ankan\Backend_Book_Store\Back_Book_Store\node_modules\express\lib\router\layer.js:95:5)
    at next (C:\Users\ankan\Backend_Book_Store\Back_Book_Store\node_modules\express\lib\router\route.js:144:13)
    at Route.dispatch (C:\Users\ankan\Backend_Book_Store\Back_Book_Store\node_modules\express\lib\router\route.js:114:3)
    at Layer.handle [as handle_request] (C:\Users\ankan\Backend_Book_Store\Back_Book_Store\node_modules\express\lib\router\layer.js:95:5)
    at C:\Users\ankan\Backend_Book_Store\Back_Book_Store\node_modules\express\lib\router\index.js:284:15 
    url - /api/v1/book 
    method - GET 
    IP - ::1
   {"timestamp":"2022-08-18T19:06:34.788Z"}
error: 
    status - 500 
    message - JsonWebTokenError: jwt malformed
    at Object.verify (C:\Users\ankan\Backend_Book_Store\Back_Book_Store\node_modules\jsonwebtoken\verify.js:63:17)
    at _callee$ (C:\Users\ankan\Backend_Book_Store\Back_Book_Store\src\middlewares\/auth.middleware.js:22:28)
    at tryCatch (C:\Users\ankan\Backend_Book_Store\Back_Book_Store\node_modules\@babel\runtime\helpers\regeneratorRuntime.js:86:17)
    at Generator._invoke (C:\Users\ankan\Backend_Book_Store\Back_Book_Store\node_modules\@babel\runtime\helpers\regeneratorRuntime.js:66:24)
    at Generator.next (C:\Users\ankan\Backend_Book_Store\Back_Book_Store\node_modules\@babel\runtime\helpers\regeneratorRuntime.js:117:21)
    at asyncGeneratorStep (C:\Users\ankan\Backend_Book_Store\Back_Book_Store\node_modules\@babel\runtime\helpers\asyncToGenerator.js:3:24)
    at _next (C:\Users\ankan\Backend_Book_Store\Back_Book_Store\node_modules\@babel\runtime\helpers\asyncToGenerator.js:25:9)
    at C:\Users\ankan\Backend_Book_Store\Back_Book_Store\node_modules\@babel\runtime\helpers\asyncToGenerator.js:32:7
    at new Promise (<anonymous>)
    at C:\Users\ankan\Backend_Book_Store\Back_Book_Store\node_modules\@babel\runtime\helpers\asyncToGenerator.js:21:12
    at userAuth (C:\Users\ankan\Backend_Book_Store\Back_Book_Store\src\middlewares\/auth.middleware.js:12:22)
    at Layer.handle [as handle_request] (C:\Users\ankan\Backend_Book_Store\Back_Book_Store\node_modules\express\lib\router\layer.js:95:5)
    at next (C:\Users\ankan\Backend_Book_Store\Back_Book_Store\node_modules\express\lib\router\route.js:144:13)
    at Route.dispatch (C:\Users\ankan\Backend_Book_Store\Back_Book_Store\node_modules\express\lib\router\route.js:114:3)
    at Layer.handle [as handle_request] (C:\Users\ankan\Backend_Book_Store\Back_Book_Store\node_modules\express\lib\router\layer.js:95:5)
    at C:\Users\ankan\Backend_Book_Store\Back_Book_Store\node_modules\express\lib\router\index.js:284:15 
    url - /api/v1/book 
    method - GET 
    IP - ::1
   {"timestamp":"2022-08-18T19:06:52.719Z"}
info: Server started at http://localhost:3000/api/v1/ {"timestamp":"2022-08-18T19:08:12.988Z"}
info: Connected to the database. {"timestamp":"2022-08-18T19:08:15.825Z"}
info: Server started at http://localhost:3000/api/v1/ {"timestamp":"2022-08-18T19:09:06.657Z"}
info: Connected to the database. {"timestamp":"2022-08-18T19:09:09.352Z"}
error: 
    status - 500 
    message - JsonWebTokenError: jwt malformed
    at Object.verify (C:\Users\ankan\Backend_Book_Store\Back_Book_Store\node_modules\jsonwebtoken\verify.js:63:17)
    at _callee$ (C:\Users\ankan\Backend_Book_Store\Back_Book_Store\src\middlewares\/auth.middleware.js:22:28)
    at tryCatch (C:\Users\ankan\Backend_Book_Store\Back_Book_Store\node_modules\@babel\runtime\helpers\regeneratorRuntime.js:86:17)
    at Generator._invoke (C:\Users\ankan\Backend_Book_Store\Back_Book_Store\node_modules\@babel\runtime\helpers\regeneratorRuntime.js:66:24)
    at Generator.next (C:\Users\ankan\Backend_Book_Store\Back_Book_Store\node_modules\@babel\runtime\helpers\regeneratorRuntime.js:117:21)
    at asyncGeneratorStep (C:\Users\ankan\Backend_Book_Store\Back_Book_Store\node_modules\@babel\runtime\helpers\asyncToGenerator.js:3:24)
    at _next (C:\Users\ankan\Backend_Book_Store\Back_Book_Store\node_modules\@babel\runtime\helpers\asyncToGenerator.js:25:9)
    at C:\Users\ankan\Backend_Book_Store\Back_Book_Store\node_modules\@babel\runtime\helpers\asyncToGenerator.js:32:7
    at new Promise (<anonymous>)
    at C:\Users\ankan\Backend_Book_Store\Back_Book_Store\node_modules\@babel\runtime\helpers\asyncToGenerator.js:21:12
    at userAuth (C:\Users\ankan\Backend_Book_Store\Back_Book_Store\src\middlewares\/auth.middleware.js:12:22)
    at Layer.handle [as handle_request] (C:\Users\ankan\Backend_Book_Store\Back_Book_Store\node_modules\express\lib\router\layer.js:95:5)
    at next (C:\Users\ankan\Backend_Book_Store\Back_Book_Store\node_modules\express\lib\router\route.js:144:13)
    at Route.dispatch (C:\Users\ankan\Backend_Book_Store\Back_Book_Store\node_modules\express\lib\router\route.js:114:3)
    at Layer.handle [as handle_request] (C:\Users\ankan\Backend_Book_Store\Back_Book_Store\node_modules\express\lib\router\layer.js:95:5)
    at C:\Users\ankan\Backend_Book_Store\Back_Book_Store\node_modules\express\lib\router\index.js:284:15 
    url - /api/v1/cart/621589b605253301a4fda5d8 
    method - POST 
    IP - ::1
   {"timestamp":"2022-08-18T19:09:36.815Z"}
error: 
    status - 500 
    message - JsonWebTokenError: jwt malformed
    at Object.verify (C:\Users\ankan\Backend_Book_Store\Back_Book_Store\node_modules\jsonwebtoken\verify.js:63:17)
    at _callee$ (C:\Users\ankan\Backend_Book_Store\Back_Book_Store\src\middlewares\/auth.middleware.js:22:28)
    at tryCatch (C:\Users\ankan\Backend_Book_Store\Back_Book_Store\node_modules\@babel\runtime\helpers\regeneratorRuntime.js:86:17)
    at Generator._invoke (C:\Users\ankan\Backend_Book_Store\Back_Book_Store\node_modules\@babel\runtime\helpers\regeneratorRuntime.js:66:24)
    at Generator.next (C:\Users\ankan\Backend_Book_Store\Back_Book_Store\node_modules\@babel\runtime\helpers\regeneratorRuntime.js:117:21)
    at asyncGeneratorStep (C:\Users\ankan\Backend_Book_Store\Back_Book_Store\node_modules\@babel\runtime\helpers\asyncToGenerator.js:3:24)
    at _next (C:\Users\ankan\Backend_Book_Store\Back_Book_Store\node_modules\@babel\runtime\helpers\asyncToGenerator.js:25:9)
    at C:\Users\ankan\Backend_Book_Store\Back_Book_Store\node_modules\@babel\runtime\helpers\asyncToGenerator.js:32:7
    at new Promise (<anonymous>)
    at C:\Users\ankan\Backend_Book_Store\Back_Book_Store\node_modules\@babel\runtime\helpers\asyncToGenerator.js:21:12
    at userAuth (C:\Users\ankan\Backend_Book_Store\Back_Book_Store\src\middlewares\/auth.middleware.js:12:22)
    at Layer.handle [as handle_request] (C:\Users\ankan\Backend_Book_Store\Back_Book_Store\node_modules\express\lib\router\layer.js:95:5)
    at next (C:\Users\ankan\Backend_Book_Store\Back_Book_Store\node_modules\express\lib\router\route.js:144:13)
    at Route.dispatch (C:\Users\ankan\Backend_Book_Store\Back_Book_Store\node_modules\express\lib\router\route.js:114:3)
    at Layer.handle [as handle_request] (C:\Users\ankan\Backend_Book_Store\Back_Book_Store\node_modules\express\lib\router\layer.js:95:5)
    at C:\Users\ankan\Backend_Book_Store\Back_Book_Store\node_modules\express\lib\router\index.js:284:15 
    url - /api/v1/wishlist/621589b605253301a4fda5d8 
    method - POST 
    IP - ::1
   {"timestamp":"2022-08-18T19:18:03.201Z"}
error: 
    status - 500 
    message - JsonWebTokenError: jwt malformed
    at Object.verify (C:\Users\ankan\Backend_Book_Store\Back_Book_Store\node_modules\jsonwebtoken\verify.js:63:17)
    at _callee$ (C:\Users\ankan\Backend_Book_Store\Back_Book_Store\src\middlewares\/auth.middleware.js:22:28)
    at tryCatch (C:\Users\ankan\Backend_Book_Store\Back_Book_Store\node_modules\@babel\runtime\helpers\regeneratorRuntime.js:86:17)
    at Generator._invoke (C:\Users\ankan\Backend_Book_Store\Back_Book_Store\node_modules\@babel\runtime\helpers\regeneratorRuntime.js:66:24)
    at Generator.next (C:\Users\ankan\Backend_Book_Store\Back_Book_Store\node_modules\@babel\runtime\helpers\regeneratorRuntime.js:117:21)
    at asyncGeneratorStep (C:\Users\ankan\Backend_Book_Store\Back_Book_Store\node_modules\@babel\runtime\helpers\asyncToGenerator.js:3:24)
    at _next (C:\Users\ankan\Backend_Book_Store\Back_Book_Store\node_modules\@babel\runtime\helpers\asyncToGenerator.js:25:9)
    at C:\Users\ankan\Backend_Book_Store\Back_Book_Store\node_modules\@babel\runtime\helpers\asyncToGenerator.js:32:7
    at new Promise (<anonymous>)
    at C:\Users\ankan\Backend_Book_Store\Back_Book_Store\node_modules\@babel\runtime\helpers\asyncToGenerator.js:21:12
    at userAuth (C:\Users\ankan\Backend_Book_Store\Back_Book_Store\src\middlewares\/auth.middleware.js:12:22)
    at Layer.handle [as handle_request] (C:\Users\ankan\Backend_Book_Store\Back_Book_Store\node_modules\express\lib\router\layer.js:95:5)
    at next (C:\Users\ankan\Backend_Book_Store\Back_Book_Store\node_modules\express\lib\router\route.js:144:13)
    at Route.dispatch (C:\Users\ankan\Backend_Book_Store\Back_Book_Store\node_modules\express\lib\router\route.js:114:3)
    at Layer.handle [as handle_request] (C:\Users\ankan\Backend_Book_Store\Back_Book_Store\node_modules\express\lib\router\layer.js:95:5)
    at C:\Users\ankan\Backend_Book_Store\Back_Book_Store\node_modules\express\lib\router\index.js:284:15 
    url - /api/v1/wishlist/621589b605253301a4fda5d8 
    method - POST 
    IP - ::1
   {"timestamp":"2022-08-18T19:20:07.045Z"}
info: Server started at http://localhost:3000/api/v1/ {"timestamp":"2022-08-19T02:39:48.860Z"}
info: Connected to the database. {"timestamp":"2022-08-19T02:39:51.471Z"}
info: Server started at http://localhost:3000/api/v1/ {"timestamp":"2022-08-19T08:07:25.719Z"}
info: Connected to the database. {"timestamp":"2022-08-19T08:07:28.558Z"}
info: Server started at http://localhost:3000/api/v1/ {"timestamp":"2022-08-19T08:46:26.081Z"}
info: Connected to the database. {"timestamp":"2022-08-19T08:46:28.706Z"}
info: Server started at http://localhost:3000/api/v1/ {"timestamp":"2022-08-19T08:46:47.503Z"}
info: Server started at http://localhost:3000/api/v1/ {"timestamp":"2022-08-19T08:46:56.368Z"}
info: Connected to the database. {"timestamp":"2022-08-19T08:46:59.523Z"}
info: Server started at http://localhost:3000/api/v1/ {"timestamp":"2022-08-19T08:47:39.901Z"}
info: Connected to the database. {"timestamp":"2022-08-19T08:47:42.558Z"}
info: Server started at http://localhost:3000/api/v1/ {"timestamp":"2022-08-19T12:00:14.474Z"}
info: Connected to the database. {"timestamp":"2022-08-19T12:00:17.414Z"}
error: 
    status - 500 
    message - ValidationError: "City" is required 
    url - /api/v1/customer/ 
    method - POST 
    IP - ::1
   {"timestamp":"2022-08-19T12:04:21.771Z"}
error: 
    status - 500 
    message - ValidationError: "City" is required 
    url - /api/v1/customer/ 
    method - POST 
    IP - ::1
   {"timestamp":"2022-08-19T12:04:36.017Z"}
error: 
    status - 500 
    message - ValidationError: "Type" is required 
    url - /api/v1/customer/ 
    method - POST 
    IP - ::1
   {"timestamp":"2022-08-19T12:08:03.202Z"}
info: Server started at http://localhost:3000/api/v1/ {"timestamp":"2022-08-19T12:08:56.232Z"}
info: Connected to the database. {"timestamp":"2022-08-19T12:08:58.959Z"}
info: Server started at http://localhost:3000/api/v1/ {"timestamp":"2022-08-19T12:19:59.960Z"}
info: Connected to the database. {"timestamp":"2022-08-19T12:20:02.536Z"}
info: Server started at http://localhost:3000/api/v1/ {"timestamp":"2022-08-19T18:21:33.274Z"}
info: Connected to the database. {"timestamp":"2022-08-19T18:21:36.087Z"}
