info: ::1 - - [09/Aug/2022:18:31:31 +0000] "POST /api/v1/users/login HTTP/1.1" 200 242 "-" "PostmanRuntime/7.29.2"

info: ::1 - - [09/Aug/2022:18:38:58 +0000] "POST /api/v1/users/login HTTP/1.1" 200 242 "-" "PostmanRuntime/7.29.2"

info: ::1 - - [09/Aug/2022:18:39:30 +0000] "POST /api/v1/cart/621588d505253301a4fda5cf HTTP/1.1" 201 351 "-" "PostmanRuntime/7.29.2"

info: ::1 - - [09/Aug/2022:18:39:50 +0000] "POST /api/v1/cart/6215888305253301a4fda5cd HTTP/1.1" 201 533 "-" "PostmanRuntime/7.29.2"

info: ::1 - - [09/Aug/2022:18:40:05 +0000] "POST /api/v1/cart/621588af05253301a4fda5ce HTTP/1.1" 201 703 "-" "PostmanRuntime/7.29.2"

info: ::1 - - [09/Aug/2022:18:40:10 +0000] "POST /api/v1/cart/621588af05253301a4fda5ce HTTP/1.1" 201 703 "-" "PostmanRuntime/7.29.2"

info: ::1 - - [09/Aug/2022:18:40:57 +0000] "PUT /api/v1/ HTTP/1.1" 404 47 "-" "PostmanRuntime/7.29.2"

info: ::1 - - [09/Aug/2022:18:41:27 +0000] "PUT /api/v1/cart HTTP/1.1" 400 151 "-" "PostmanRuntime/7.29.2"

info: ::1 - - [09/Aug/2022:18:41:48 +0000] "PUT /api/v1/cart HTTP/1.1" 400 151 "-" "PostmanRuntime/7.29.2"

info: ::1 - - [09/Aug/2022:18:44:52 +0000] "PUT /api/v1/cart HTTP/1.1" 200 707 "-" "PostmanRuntime/7.29.2"

info: ::1 - - [09/Aug/2022:18:45:13 +0000] "PUT /api/v1/cart HTTP/1.1" 200 707 "-" "PostmanRuntime/7.29.2"

info: ::1 - - [09/Aug/2022:18:45:32 +0000] "PUT /api/v1/cart HTTP/1.1" 200 707 "-" "PostmanRuntime/7.29.2"

info: ::1 - - [09/Aug/2022:18:53:20 +0000] "PUT /api/v1/cart/ptrue HTTP/1.1" 400 57 "-" "PostmanRuntime/7.29.2"

info: ::1 - - [09/Aug/2022:18:56:08 +0000] "PUT /api/v1/cart/ptrue HTTP/1.1" 400 57 "-" "PostmanRuntime/7.29.2"

info: ::1 - - [09/Aug/2022:18:56:40 +0000] "POST /api/v1/users/login HTTP/1.1" 200 241 "-" "PostmanRuntime/7.29.2"

info: ::1 - - [09/Aug/2022:18:56:50 +0000] "PUT /api/v1/cart/ptrue HTTP/1.1" 400 57 "-" "PostmanRuntime/7.29.2"

info: ::1 - - [09/Aug/2022:19:00:15 +0000] "PUT /api/v1/cart/purchased/true HTTP/1.1" 200 994 "-" "PostmanRuntime/7.29.2"

info: ::1 - - [09/Aug/2022:19:00:31 +0000] "PUT /api/v1/cart/ppurchased/false HTTP/1.1" 404 47 "-" "PostmanRuntime/7.29.2"

info: ::1 - - [09/Aug/2022:19:00:39 +0000] "PUT /api/v1/cart/purchased/false HTTP/1.1" 200 995 "-" "PostmanRuntime/7.29.2"

info: ::1 - - [09/Aug/2022:19:29:11 +0000] "POST /api/v1/wishlist/6215178d05253301a4fda5c4 HTTP/1.1" 400 56 "-" "PostmanRuntime/7.29.2"

info: ::1 - - [09/Aug/2022:19:31:54 +0000] "POST /api/v1/wishlist/6215178d05253301a4fda5c4 HTTP/1.1" 201 287 "-" "PostmanRuntime/7.29.2"

info: ::1 - - [09/Aug/2022:19:32:14 +0000] "POST /api/v1/wishlist/6215888305253301a4fda5cd HTTP/1.1" 201 435 "-" "PostmanRuntime/7.29.2"

info: ::1 - - [09/Aug/2022:19:32:38 +0000] "POST /api/v1/wishlist/621588f105253301a4fda5d0 HTTP/1.1" 201 583 "-" "PostmanRuntime/7.29.2"

