info: ::1 - - [10/Aug/2022:18:53:47 +0000] "PUT /api/v1/ HTTP/1.1" 404 47 "-" "PostmanRuntime/7.29.2"

info: ::1 - - [10/Aug/2022:18:54:15 +0000] "POST /api/v1/users/login HTTP/1.1" 200 242 "-" "PostmanRuntime/7.29.2"

info: ::1 - - [10/Aug/2022:19:00:30 +0000] "POST /api/v1/customer/ HTTP/1.1" 500 83 "-" "PostmanRuntime/7.29.2"

info: ::1 - - [10/Aug/2022:19:01:15 +0000] "POST /api/v1/customer/ HTTP/1.1" 500 83 "-" "PostmanRuntime/7.29.2"

info: ::1 - - [10/Aug/2022:19:01:27 +0000] "POST /api/v1/customer/ HTTP/1.1" 500 83 "-" "PostmanRuntime/7.29.2"

info: ::1 - - [10/Aug/2022:19:05:15 +0000] "POST /api/v1/customer/ HTTP/1.1" 500 84 "-" "PostmanRuntime/7.29.2"

info: ::1 - - [10/Aug/2022:19:07:17 +0000] "POST /api/v1/customer/ HTTP/1.1" 500 83 "-" "PostmanRuntime/7.29.2"

info: ::1 - - [10/Aug/2022:19:09:34 +0000] "POST /api/v1/customer/ HTTP/1.1" 500 89 "-" "PostmanRuntime/7.29.2"

info: ::1 - - [10/Aug/2022:19:11:35 +0000] "POST /api/v1/customer/ HTTP/1.1" 500 136 "-" "PostmanRuntime/7.29.2"

info: ::1 - - [10/Aug/2022:19:13:44 +0000] "POST /api/v1/customer/ HTTP/1.1" 500 136 "-" "PostmanRuntime/7.29.2"

info: ::1 - - [10/Aug/2022:19:16:20 +0000] "POST /api/v1/customer/ HTTP/1.1" 201 64 "-" "PostmanRuntime/7.29.2"

info: ::1 - - [10/Aug/2022:19:17:39 +0000] "POST /api/v1/customer/ HTTP/1.1" 201 64 "-" "PostmanRuntime/7.29.2"

info: ::1 - - [10/Aug/2022:19:19:18 +0000] "POST /api/v1/customer/ HTTP/1.1" 500 59 "-" "PostmanRuntime/7.29.2"

info: ::1 - - [10/Aug/2022:19:21:23 +0000] "POST /api/v1/customer/ HTTP/1.1" 201 64 "-" "PostmanRuntime/7.29.2"

info: ::1 - - [10/Aug/2022:19:27:42 +0000] "POST /api/v1/customer/ HTTP/1.1" 201 64 "-" "PostmanRuntime/7.29.2"

info: ::1 - - [10/Aug/2022:19:30:58 +0000] "POST /api/v1/customer/ HTTP/1.1" 201 64 "-" "PostmanRuntime/7.29.2"

info: ::1 - - [10/Aug/2022:19:31:34 +0000] "POST /api/v1/customer/ HTTP/1.1" 201 64 "-" "PostmanRuntime/7.29.2"

info: ::1 - - [10/Aug/2022:19:33:18 +0000] "POST /api/v1/customer/ HTTP/1.1" 201 64 "-" "PostmanRuntime/7.29.2"

info: ::1 - - [10/Aug/2022:19:35:10 +0000] "POST /api/v1/customer/ HTTP/1.1" 201 64 "-" "PostmanRuntime/7.29.2"

info: ::1 - - [10/Aug/2022:19:36:15 +0000] "POST /api/v1/customer/ HTTP/1.1" 201 392 "-" "PostmanRuntime/7.29.2"

info: ::1 - - [10/Aug/2022:20:29:39 +0000] "GET /api-docs/ HTTP/1.1" 200 3103 "-" "Mozilla/5.0 (Windows NT 10.0; Win64; x64) AppleWebKit/537.36 (KHTML, like Gecko) Chrome/104.0.0.0 Safari/537.36"

info: ::1 - - [10/Aug/2022:20:29:39 +0000] "GET /api-docs/swagger-ui-init.js HTTP/1.1" 200 12943 "-" "Mozilla/5.0 (Windows NT 10.0; Win64; x64) AppleWebKit/537.36 (KHTML, like Gecko) Chrome/104.0.0.0 Safari/537.36"

info: ::1 - - [10/Aug/2022:20:29:39 +0000] "GET /api-docs/swagger-ui.css HTTP/1.1" 200 144486 "-" "Mozilla/5.0 (Windows NT 10.0; Win64; x64) AppleWebKit/537.36 (KHTML, like Gecko) Chrome/104.0.0.0 Safari/537.36"

info: ::1 - - [10/Aug/2022:20:29:39 +0000] "GET /api-docs/swagger-ui-standalone-preset.js HTTP/1.1" 200 311812 "-" "Mozilla/5.0 (Windows NT 10.0; Win64; x64) AppleWebKit/537.36 (KHTML, like Gecko) Chrome/104.0.0.0 Safari/537.36"

info: ::1 - - [10/Aug/2022:20:29:39 +0000] "GET /api-docs/swagger-ui-bundle.js HTTP/1.1" 200 1057488 "-" "Mozilla/5.0 (Windows NT 10.0; Win64; x64) AppleWebKit/537.36 (KHTML, like Gecko) Chrome/104.0.0.0 Safari/537.36"

info: ::1 - - [10/Aug/2022:20:29:40 +0000] "GET /api-docs/favicon-32x32.png HTTP/1.1" 200 628 "-" "Mozilla/5.0 (Windows NT 10.0; Win64; x64) AppleWebKit/537.36 (KHTML, like Gecko) Chrome/104.0.0.0 Safari/537.36"

info: ::1 - - [11/Aug/2022:02:43:30 +0000] "POST /api/v1/customer/ HTTP/1.1" 201 392 "-" "PostmanRuntime/7.29.2"

info: ::1 - - [11/Aug/2022:02:44:31 +0000] "POST /api/v1/customer/ HTTP/1.1" 201 392 "-" "PostmanRuntime/7.29.2"

